<?xml version="1.0" encoding="UTF-8"?>
<testsuite xmlns:xsi="http://www.w3.org/2001/XMLSchema-instance" xsi:noNamespaceSchemaLocation="https://maven.apache.org/surefire/maven-surefire-plugin/xsd/surefire-test-report-3.0.xsd" version="3.0" name="com.petstore.PetStoreTest" time="4.928" tests="4" errors="0" skipped="0" failures="0">
  <properties>
[...]
</properties>
  <testcase name="[1:6] Añadir mascota a la tienda" classname="com/petstore/petstore" time="2.27">
    <system-out><![CDATA[15:56:31.404 [main] DEBUG com.jayway.jsonpath.internal.path.CompiledPath -- Evaluating path: $
15:56:31.436 [main] DEBUG io.netty.util.internal.logging.InternalLoggerFactory -- Using SLF4J as the default logging framework
15:56:31.438 [main] DEBUG io.netty.util.internal.PlatformDependent0 -- -Dio.netty.noUnsafe: false
15:56:31.439 [main] DEBUG io.netty.util.internal.PlatformDependent0 -- Java version: 11
15:56:31.439 [main] DEBUG io.netty.util.internal.PlatformDependent0 -- sun.misc.Unsafe.theUnsafe: available
15:56:31.440 [main] DEBUG io.netty.util.internal.PlatformDependent0 -- sun.misc.Unsafe.copyMemory: available
15:56:31.440 [main] DEBUG io.netty.util.internal.PlatformDependent0 -- sun.misc.Unsafe.storeFence: available
15:56:31.440 [main] DEBUG io.netty.util.internal.PlatformDependent0 -- java.nio.Buffer.address: available
15:56:31.440 [main] DEBUG io.netty.util.internal.PlatformDependent0 -- direct buffer constructor: unavailable: Reflective setAccessible(true) disabled
15:56:31.441 [main] DEBUG io.netty.util.internal.PlatformDependent0 -- java.nio.Bits.unaligned: available, true
15:56:31.442 [main] DEBUG io.netty.util.internal.PlatformDependent0 -- jdk.internal.misc.Unsafe.allocateUninitializedArray(int): unavailable: class io.netty.util.internal.PlatformDependent0$7 cannot access class jdk.internal.misc.Unsafe (in module java.base) because module java.base does not export jdk.internal.misc to unnamed module @727eb8cb
15:56:31.442 [main] DEBUG io.netty.util.internal.PlatformDependent0 -- java.nio.DirectByteBuffer.<init>(long, {int,long}): unavailable
15:56:31.442 [main] DEBUG io.netty.util.internal.PlatformDependent -- sun.misc.Unsafe: available
15:56:31.443 [main] DEBUG io.netty.util.internal.PlatformDependent -- maxDirectMemory: 4215275520 bytes (maybe)
15:56:31.443 [main] DEBUG io.netty.util.internal.PlatformDependent -- -Dio.netty.tmpdir: C:\Users\TEOBALDO\AppData\Local\Temp (java.io.tmpdir)
15:56:31.444 [main] DEBUG io.netty.util.internal.PlatformDependent -- -Dio.netty.bitMode: 64 (sun.arch.data.model)
15:56:31.444 [main] DEBUG io.netty.util.internal.PlatformDependent -- Platform: Windows
15:56:31.445 [main] DEBUG io.netty.util.internal.PlatformDependent -- -Dio.netty.maxDirectMemory: -1 bytes
15:56:31.445 [main] DEBUG io.netty.util.internal.PlatformDependent -- -Dio.netty.uninitializedArrayAllocationThreshold: -1
15:56:31.446 [main] DEBUG io.netty.util.internal.CleanerJava9 -- java.nio.ByteBuffer.cleaner(): available
15:56:31.446 [main] DEBUG io.netty.util.internal.PlatformDependent -- -Dio.netty.noPreferDirect: false
15:56:31.797 [main] DEBUG org.apache.http.client.protocol.RequestAddCookies -- CookieSpec selected: karate
15:56:31.802 [main] DEBUG org.apache.http.client.protocol.RequestAuthCache -- Auth cache not set in the context
15:56:31.803 [main] DEBUG com.intuit.karate -- request:
1 > POST https://petstore.swagger.io/v2/pet
1 > Content-Type: application/json; charset=UTF-8
1 > Content-Length: 51
1 > Host: petstore.swagger.io
1 > Connection: Keep-Alive
1 > User-Agent: Apache-HttpClient/4.5.14 (Java/11.0.28)
1 > Accept-Encoding: gzip,deflate
{"id":12345,"name":"firulais","status":"available"}

15:56:31.805 [main] DEBUG org.apache.http.impl.conn.PoolingHttpClientConnectionManager -- Connection request: [route: {s}->https://petstore.swagger.io:443][total available: 0; route allocated: 0 of 5; total allocated: 0 of 10]
15:56:31.813 [main] DEBUG org.apache.http.impl.conn.PoolingHttpClientConnectionManager -- Connection leased: [id: 0][route: {s}->https://petstore.swagger.io:443][total available: 0; route allocated: 1 of 5; total allocated: 1 of 10]
15:56:31.814 [main] DEBUG org.apache.http.impl.execchain.MainClientExec -- Opening connection {s}->https://petstore.swagger.io:443
15:56:31.870 [main] DEBUG org.apache.http.impl.conn.DefaultHttpClientConnectionOperator -- Connecting to petstore.swagger.io/34.197.14.90:443
15:56:31.870 [main] DEBUG org.apache.http.conn.ssl.SSLConnectionSocketFactory -- Connecting socket to petstore.swagger.io/34.197.14.90:443 with timeout 30000
15:56:32.159 [main] DEBUG org.apache.http.conn.ssl.SSLConnectionSocketFactory -- Enabled protocols: [TLSv1.3, TLSv1.2]
15:56:32.159 [main] DEBUG org.apache.http.conn.ssl.SSLConnectionSocketFactory -- Enabled cipher suites:[TLS_AES_256_GCM_SHA384, TLS_AES_128_GCM_SHA256, TLS_CHACHA20_POLY1305_SHA256, TLS_ECDHE_ECDSA_WITH_AES_256_GCM_SHA384, TLS_ECDHE_ECDSA_WITH_AES_128_GCM_SHA256, TLS_ECDHE_ECDSA_WITH_CHACHA20_POLY1305_SHA256, TLS_ECDHE_RSA_WITH_AES_256_GCM_SHA384, TLS_ECDHE_RSA_WITH_CHACHA20_POLY1305_SHA256, TLS_ECDHE_RSA_WITH_AES_128_GCM_SHA256, TLS_DHE_RSA_WITH_AES_256_GCM_SHA384, TLS_DHE_RSA_WITH_CHACHA20_POLY1305_SHA256, TLS_DHE_DSS_WITH_AES_256_GCM_SHA384, TLS_DHE_RSA_WITH_AES_128_GCM_SHA256, TLS_DHE_DSS_WITH_AES_128_GCM_SHA256, TLS_ECDHE_ECDSA_WITH_AES_256_CBC_SHA384, TLS_ECDHE_RSA_WITH_AES_256_CBC_SHA384, TLS_ECDHE_ECDSA_WITH_AES_128_CBC_SHA256, TLS_ECDHE_RSA_WITH_AES_128_CBC_SHA256, TLS_DHE_RSA_WITH_AES_256_CBC_SHA256, TLS_DHE_DSS_WITH_AES_256_CBC_SHA256, TLS_DHE_RSA_WITH_AES_128_CBC_SHA256, TLS_DHE_DSS_WITH_AES_128_CBC_SHA256, TLS_ECDHE_ECDSA_WITH_AES_256_CBC_SHA, TLS_ECDHE_RSA_WITH_AES_256_CBC_SHA, TLS_ECDHE_ECDSA_WITH_AES_128_CBC_SHA, TLS_ECDHE_RSA_WITH_AES_128_CBC_SHA, TLS_DHE_RSA_WITH_AES_256_CBC_SHA, TLS_DHE_DSS_WITH_AES_256_CBC_SHA, TLS_DHE_RSA_WITH_AES_128_CBC_SHA, TLS_DHE_DSS_WITH_AES_128_CBC_SHA, TLS_RSA_WITH_AES_256_GCM_SHA384, TLS_RSA_WITH_AES_128_GCM_SHA256, TLS_RSA_WITH_AES_256_CBC_SHA256, TLS_RSA_WITH_AES_128_CBC_SHA256, TLS_RSA_WITH_AES_256_CBC_SHA, TLS_RSA_WITH_AES_128_CBC_SHA, TLS_EMPTY_RENEGOTIATION_INFO_SCSV]
15:56:32.159 [main] DEBUG org.apache.http.conn.ssl.SSLConnectionSocketFactory -- Starting handshake
15:56:32.497 [main] DEBUG org.apache.http.conn.ssl.SSLConnectionSocketFactory -- Secure session established
15:56:32.498 [main] DEBUG org.apache.http.conn.ssl.SSLConnectionSocketFactory --  negotiated protocol: TLSv1.2
15:56:32.498 [main] DEBUG org.apache.http.conn.ssl.SSLConnectionSocketFactory --  negotiated cipher suite: TLS_ECDHE_RSA_WITH_AES_128_GCM_SHA256
15:56:32.498 [main] DEBUG org.apache.http.conn.ssl.SSLConnectionSocketFactory --  peer principal: CN=*.swagger.io
15:56:32.498 [main] DEBUG org.apache.http.conn.ssl.SSLConnectionSocketFactory --  peer alternative names: [*.swagger.io]
15:56:32.499 [main] DEBUG org.apache.http.conn.ssl.SSLConnectionSocketFactory --  issuer principal: CN=Amazon RSA 2048 M02, O=Amazon, C=US
15:56:32.511 [main] DEBUG org.apache.http.impl.conn.DefaultHttpClientConnectionOperator -- Connection established 192.168.18.204:61159<->34.197.14.90:443
15:56:32.512 [main] DEBUG org.apache.http.impl.conn.DefaultManagedHttpClientConnection -- http-outgoing-0: set socket timeout to 30000
15:56:32.512 [main] DEBUG org.apache.http.impl.execchain.MainClientExec -- Executing request POST /v2/pet HTTP/1.1
15:56:32.512 [main] DEBUG org.apache.http.impl.execchain.MainClientExec -- Target auth state: UNCHALLENGED
15:56:32.512 [main] DEBUG org.apache.http.impl.execchain.MainClientExec -- Proxy auth state: UNCHALLENGED
15:56:32.514 [main] DEBUG org.apache.http.headers -- http-outgoing-0 >> POST /v2/pet HTTP/1.1
15:56:32.514 [main] DEBUG org.apache.http.headers -- http-outgoing-0 >> Content-Type: application/json; charset=UTF-8
15:56:32.514 [main] DEBUG org.apache.http.headers -- http-outgoing-0 >> Content-Length: 51
15:56:32.514 [main] DEBUG org.apache.http.headers -- http-outgoing-0 >> Host: petstore.swagger.io
15:56:32.514 [main] DEBUG org.apache.http.headers -- http-outgoing-0 >> Connection: Keep-Alive
15:56:32.514 [main] DEBUG org.apache.http.headers -- http-outgoing-0 >> User-Agent: Apache-HttpClient/4.5.14 (Java/11.0.28)
15:56:32.514 [main] DEBUG org.apache.http.headers -- http-outgoing-0 >> Accept-Encoding: gzip,deflate
15:56:32.514 [main] DEBUG org.apache.http.wire -- http-outgoing-0 >> "POST /v2/pet HTTP/1.1[\r][\n]"
15:56:32.514 [main] DEBUG org.apache.http.wire -- http-outgoing-0 >> "Content-Type: application/json; charset=UTF-8[\r][\n]"
15:56:32.514 [main] DEBUG org.apache.http.wire -- http-outgoing-0 >> "Content-Length: 51[\r][\n]"
15:56:32.514 [main] DEBUG org.apache.http.wire -- http-outgoing-0 >> "Host: petstore.swagger.io[\r][\n]"
15:56:32.514 [main] DEBUG org.apache.http.wire -- http-outgoing-0 >> "Connection: Keep-Alive[\r][\n]"
15:56:32.515 [main] DEBUG org.apache.http.wire -- http-outgoing-0 >> "User-Agent: Apache-HttpClient/4.5.14 (Java/11.0.28)[\r][\n]"
15:56:32.515 [main] DEBUG org.apache.http.wire -- http-outgoing-0 >> "Accept-Encoding: gzip,deflate[\r][\n]"
15:56:32.515 [main] DEBUG org.apache.http.wire -- http-outgoing-0 >> "[\r][\n]"
15:56:32.515 [main] DEBUG org.apache.http.wire -- http-outgoing-0 >> "{"id":12345,"name":"firulais","status":"available"}"
15:56:32.656 [main] DEBUG org.apache.http.wire -- http-outgoing-0 << "HTTP/1.1 200 OK[\r][\n]"
15:56:32.656 [main] DEBUG org.apache.http.wire -- http-outgoing-0 << "Date: Tue, 09 Sep 2025 20:56:31 GMT[\r][\n]"
15:56:32.656 [main] DEBUG org.apache.http.wire -- http-outgoing-0 << "Content-Type: application/json[\r][\n]"
15:56:32.656 [main] DEBUG org.apache.http.wire -- http-outgoing-0 << "Transfer-Encoding: chunked[\r][\n]"
15:56:32.656 [main] DEBUG org.apache.http.wire -- http-outgoing-0 << "Connection: keep-alive[\r][\n]"
15:56:32.657 [main] DEBUG org.apache.http.wire -- http-outgoing-0 << "Access-Control-Allow-Origin: *[\r][\n]"
15:56:32.657 [main] DEBUG org.apache.http.wire -- http-outgoing-0 << "Access-Control-Allow-Methods: GET, POST, DELETE, PUT[\r][\n]"
15:56:32.657 [main] DEBUG org.apache.http.wire -- http-outgoing-0 << "Access-Control-Allow-Headers: Content-Type, api_key, Authorization[\r][\n]"
15:56:32.657 [main] DEBUG org.apache.http.wire -- http-outgoing-0 << "Server: Jetty(9.2.9.v20150224)[\r][\n]"
15:56:32.657 [main] DEBUG org.apache.http.wire -- http-outgoing-0 << "[\r][\n]"
15:56:32.657 [main] DEBUG org.apache.http.wire -- http-outgoing-0 << "4c[\r][\n]"
15:56:32.657 [main] DEBUG org.apache.http.wire -- http-outgoing-0 << "{"id":12345,"name":"firulais","photoUrls":[],"tags":[],"status":"available"}[\r][\n]"
15:56:32.661 [main] DEBUG org.apache.http.headers -- http-outgoing-0 << HTTP/1.1 200 OK
15:56:32.661 [main] DEBUG org.apache.http.headers -- http-outgoing-0 << Date: Tue, 09 Sep 2025 20:56:31 GMT
15:56:32.661 [main] DEBUG org.apache.http.headers -- http-outgoing-0 << Content-Type: application/json
15:56:32.661 [main] DEBUG org.apache.http.headers -- http-outgoing-0 << Transfer-Encoding: chunked
15:56:32.662 [main] DEBUG org.apache.http.headers -- http-outgoing-0 << Connection: keep-alive
15:56:32.662 [main] DEBUG org.apache.http.headers -- http-outgoing-0 << Access-Control-Allow-Origin: *
15:56:32.662 [main] DEBUG org.apache.http.headers -- http-outgoing-0 << Access-Control-Allow-Methods: GET, POST, DELETE, PUT
15:56:32.662 [main] DEBUG org.apache.http.headers -- http-outgoing-0 << Access-Control-Allow-Headers: Content-Type, api_key, Authorization
15:56:32.662 [main] DEBUG org.apache.http.headers -- http-outgoing-0 << Server: Jetty(9.2.9.v20150224)
15:56:32.667 [main] DEBUG org.apache.http.impl.execchain.MainClientExec -- Connection can be kept alive indefinitely
15:56:32.671 [main] DEBUG org.apache.http.wire -- http-outgoing-0 << "0[\r][\n]"
15:56:32.671 [main] DEBUG org.apache.http.wire -- http-outgoing-0 << "[\r][\n]"
15:56:32.671 [main] DEBUG org.apache.http.impl.conn.PoolingHttpClientConnectionManager -- Connection [id: 0][route: {s}->https://petstore.swagger.io:443] can be kept alive indefinitely
15:56:32.671 [main] DEBUG org.apache.http.impl.conn.DefaultManagedHttpClientConnection -- http-outgoing-0: set socket timeout to 0
15:56:32.672 [main] DEBUG org.apache.http.impl.conn.PoolingHttpClientConnectionManager -- Connection released: [id: 0][route: {s}->https://petstore.swagger.io:443][total available: 1; route allocated: 1 of 5; total allocated: 1 of 10]
15:56:32.672 [main] DEBUG org.apache.http.impl.conn.PoolingHttpClientConnectionManager -- Connection manager is shutting down
15:56:32.672 [main] DEBUG org.apache.http.impl.conn.DefaultManagedHttpClientConnection -- http-outgoing-0: Close connection
15:56:32.674 [main] DEBUG org.apache.http.impl.conn.PoolingHttpClientConnectionManager -- Connection manager shut down
15:56:32.676 [main] DEBUG com.intuit.karate -- response time in milliseconds: 868
1 < 200
1 < Date: Tue, 09 Sep 2025 20:56:31 GMT
1 < Content-Type: application/json
1 < Transfer-Encoding: chunked
1 < Connection: keep-alive
1 < Access-Control-Allow-Origin: *
1 < Access-Control-Allow-Methods: GET, POST, DELETE, PUT
1 < Access-Control-Allow-Headers: Content-Type, api_key, Authorization
1 < Server: Jetty(9.2.9.v20150224)
{"id":12345,"name":"firulais","photoUrls":[],"tags":[],"status":"available"}

15:56:32.718 [main] DEBUG com.jayway.jsonpath.internal.path.CompiledPath -- Evaluating path: $['name']
]]></system-out>
  </testcase>
  <testcase name="[2:14] Consultar mascota por ID" classname="com/petstore/petstore" time="0.359">
    <system-out><![CDATA[15:56:32.759 [main] DEBUG org.apache.http.client.protocol.RequestAddCookies -- CookieSpec selected: karate
15:56:32.759 [main] DEBUG org.apache.http.client.protocol.RequestAuthCache -- Auth cache not set in the context
15:56:32.759 [main] DEBUG com.intuit.karate -- request:
1 > GET https://petstore.swagger.io/v2/pet/12345
1 > Host: petstore.swagger.io
1 > Connection: Keep-Alive
1 > User-Agent: Apache-HttpClient/4.5.14 (Java/11.0.28)
1 > Accept-Encoding: gzip,deflate


15:56:32.759 [main] DEBUG org.apache.http.impl.conn.PoolingHttpClientConnectionManager -- Connection request: [route: {s}->https://petstore.swagger.io:443][total available: 0; route allocated: 0 of 5; total allocated: 0 of 10]
15:56:32.759 [main] DEBUG org.apache.http.impl.conn.PoolingHttpClientConnectionManager -- Connection leased: [id: 1][route: {s}->https://petstore.swagger.io:443][total available: 0; route allocated: 1 of 5; total allocated: 1 of 10]
15:56:32.759 [main] DEBUG org.apache.http.impl.execchain.MainClientExec -- Opening connection {s}->https://petstore.swagger.io:443
15:56:32.759 [main] DEBUG org.apache.http.impl.conn.DefaultHttpClientConnectionOperator -- Connecting to petstore.swagger.io/34.197.14.90:443
15:56:32.759 [main] DEBUG org.apache.http.conn.ssl.SSLConnectionSocketFactory -- Connecting socket to petstore.swagger.io/34.197.14.90:443 with timeout 30000
15:56:32.860 [main] DEBUG org.apache.http.conn.ssl.SSLConnectionSocketFactory -- Enabled protocols: [TLSv1.3, TLSv1.2]
15:56:32.860 [main] DEBUG org.apache.http.conn.ssl.SSLConnectionSocketFactory -- Enabled cipher suites:[TLS_AES_256_GCM_SHA384, TLS_AES_128_GCM_SHA256, TLS_CHACHA20_POLY1305_SHA256, TLS_ECDHE_ECDSA_WITH_AES_256_GCM_SHA384, TLS_ECDHE_ECDSA_WITH_AES_128_GCM_SHA256, TLS_ECDHE_ECDSA_WITH_CHACHA20_POLY1305_SHA256, TLS_ECDHE_RSA_WITH_AES_256_GCM_SHA384, TLS_ECDHE_RSA_WITH_CHACHA20_POLY1305_SHA256, TLS_ECDHE_RSA_WITH_AES_128_GCM_SHA256, TLS_DHE_RSA_WITH_AES_256_GCM_SHA384, TLS_DHE_RSA_WITH_CHACHA20_POLY1305_SHA256, TLS_DHE_DSS_WITH_AES_256_GCM_SHA384, TLS_DHE_RSA_WITH_AES_128_GCM_SHA256, TLS_DHE_DSS_WITH_AES_128_GCM_SHA256, TLS_ECDHE_ECDSA_WITH_AES_256_CBC_SHA384, TLS_ECDHE_RSA_WITH_AES_256_CBC_SHA384, TLS_ECDHE_ECDSA_WITH_AES_128_CBC_SHA256, TLS_ECDHE_RSA_WITH_AES_128_CBC_SHA256, TLS_DHE_RSA_WITH_AES_256_CBC_SHA256, TLS_DHE_DSS_WITH_AES_256_CBC_SHA256, TLS_DHE_RSA_WITH_AES_128_CBC_SHA256, TLS_DHE_DSS_WITH_AES_128_CBC_SHA256, TLS_ECDHE_ECDSA_WITH_AES_256_CBC_SHA, TLS_ECDHE_RSA_WITH_AES_256_CBC_SHA, TLS_ECDHE_ECDSA_WITH_AES_128_CBC_SHA, TLS_ECDHE_RSA_WITH_AES_128_CBC_SHA, TLS_DHE_RSA_WITH_AES_256_CBC_SHA, TLS_DHE_DSS_WITH_AES_256_CBC_SHA, TLS_DHE_RSA_WITH_AES_128_CBC_SHA, TLS_DHE_DSS_WITH_AES_128_CBC_SHA, TLS_RSA_WITH_AES_256_GCM_SHA384, TLS_RSA_WITH_AES_128_GCM_SHA256, TLS_RSA_WITH_AES_256_CBC_SHA256, TLS_RSA_WITH_AES_128_CBC_SHA256, TLS_RSA_WITH_AES_256_CBC_SHA, TLS_RSA_WITH_AES_128_CBC_SHA, TLS_EMPTY_RENEGOTIATION_INFO_SCSV]
15:56:32.860 [main] DEBUG org.apache.http.conn.ssl.SSLConnectionSocketFactory -- Starting handshake
15:56:32.973 [main] DEBUG org.apache.http.conn.ssl.SSLConnectionSocketFactory -- Secure session established
15:56:32.974 [main] DEBUG org.apache.http.conn.ssl.SSLConnectionSocketFactory --  negotiated protocol: TLSv1.2
15:56:32.974 [main] DEBUG org.apache.http.conn.ssl.SSLConnectionSocketFactory --  negotiated cipher suite: TLS_ECDHE_RSA_WITH_AES_128_GCM_SHA256
15:56:32.974 [main] DEBUG org.apache.http.conn.ssl.SSLConnectionSocketFactory --  peer principal: CN=*.swagger.io
15:56:32.974 [main] DEBUG org.apache.http.conn.ssl.SSLConnectionSocketFactory --  peer alternative names: [*.swagger.io]
15:56:32.974 [main] DEBUG org.apache.http.conn.ssl.SSLConnectionSocketFactory --  issuer principal: CN=Amazon RSA 2048 M02, O=Amazon, C=US
15:56:32.974 [main] DEBUG org.apache.http.impl.conn.DefaultHttpClientConnectionOperator -- Connection established 192.168.18.204:61160<->34.197.14.90:443
15:56:32.974 [main] DEBUG org.apache.http.impl.conn.DefaultManagedHttpClientConnection -- http-outgoing-1: set socket timeout to 30000
15:56:32.975 [main] DEBUG org.apache.http.impl.execchain.MainClientExec -- Executing request GET /v2/pet/12345 HTTP/1.1
15:56:32.975 [main] DEBUG org.apache.http.impl.execchain.MainClientExec -- Target auth state: UNCHALLENGED
15:56:32.975 [main] DEBUG org.apache.http.impl.execchain.MainClientExec -- Proxy auth state: UNCHALLENGED
15:56:32.975 [main] DEBUG org.apache.http.headers -- http-outgoing-1 >> GET /v2/pet/12345 HTTP/1.1
15:56:32.975 [main] DEBUG org.apache.http.headers -- http-outgoing-1 >> Host: petstore.swagger.io
15:56:32.975 [main] DEBUG org.apache.http.headers -- http-outgoing-1 >> Connection: Keep-Alive
15:56:32.975 [main] DEBUG org.apache.http.headers -- http-outgoing-1 >> User-Agent: Apache-HttpClient/4.5.14 (Java/11.0.28)
15:56:32.975 [main] DEBUG org.apache.http.headers -- http-outgoing-1 >> Accept-Encoding: gzip,deflate
15:56:32.975 [main] DEBUG org.apache.http.wire -- http-outgoing-1 >> "GET /v2/pet/12345 HTTP/1.1[\r][\n]"
15:56:32.975 [main] DEBUG org.apache.http.wire -- http-outgoing-1 >> "Host: petstore.swagger.io[\r][\n]"
15:56:32.975 [main] DEBUG org.apache.http.wire -- http-outgoing-1 >> "Connection: Keep-Alive[\r][\n]"
15:56:32.975 [main] DEBUG org.apache.http.wire -- http-outgoing-1 >> "User-Agent: Apache-HttpClient/4.5.14 (Java/11.0.28)[\r][\n]"
15:56:32.976 [main] DEBUG org.apache.http.wire -- http-outgoing-1 >> "Accept-Encoding: gzip,deflate[\r][\n]"
15:56:32.976 [main] DEBUG org.apache.http.wire -- http-outgoing-1 >> "[\r][\n]"
15:56:33.081 [main] DEBUG org.apache.http.wire -- http-outgoing-1 << "HTTP/1.1 200 OK[\r][\n]"
15:56:33.081 [main] DEBUG org.apache.http.wire -- http-outgoing-1 << "Date: Tue, 09 Sep 2025 20:56:32 GMT[\r][\n]"
15:56:33.081 [main] DEBUG org.apache.http.wire -- http-outgoing-1 << "Content-Type: application/json[\r][\n]"
15:56:33.081 [main] DEBUG org.apache.http.wire -- http-outgoing-1 << "Transfer-Encoding: chunked[\r][\n]"
15:56:33.081 [main] DEBUG org.apache.http.wire -- http-outgoing-1 << "Connection: keep-alive[\r][\n]"
15:56:33.081 [main] DEBUG org.apache.http.wire -- http-outgoing-1 << "Access-Control-Allow-Origin: *[\r][\n]"
15:56:33.082 [main] DEBUG org.apache.http.wire -- http-outgoing-1 << "Access-Control-Allow-Methods: GET, POST, DELETE, PUT[\r][\n]"
15:56:33.082 [main] DEBUG org.apache.http.wire -- http-outgoing-1 << "Access-Control-Allow-Headers: Content-Type, api_key, Authorization[\r][\n]"
15:56:33.082 [main] DEBUG org.apache.http.wire -- http-outgoing-1 << "Server: Jetty(9.2.9.v20150224)[\r][\n]"
15:56:33.082 [main] DEBUG org.apache.http.wire -- http-outgoing-1 << "[\r][\n]"
15:56:33.082 [main] DEBUG org.apache.http.wire -- http-outgoing-1 << "4c[\r][\n]"
15:56:33.082 [main] DEBUG org.apache.http.wire -- http-outgoing-1 << "{"id":12345,"name":"firulais","photoUrls":[],"tags":[],"status":"available"}[\r][\n]"
15:56:33.082 [main] DEBUG org.apache.http.headers -- http-outgoing-1 << HTTP/1.1 200 OK
15:56:33.082 [main] DEBUG org.apache.http.headers -- http-outgoing-1 << Date: Tue, 09 Sep 2025 20:56:32 GMT
15:56:33.082 [main] DEBUG org.apache.http.headers -- http-outgoing-1 << Content-Type: application/json
15:56:33.082 [main] DEBUG org.apache.http.headers -- http-outgoing-1 << Transfer-Encoding: chunked
15:56:33.083 [main] DEBUG org.apache.http.headers -- http-outgoing-1 << Connection: keep-alive
15:56:33.083 [main] DEBUG org.apache.http.headers -- http-outgoing-1 << Access-Control-Allow-Origin: *
15:56:33.083 [main] DEBUG org.apache.http.headers -- http-outgoing-1 << Access-Control-Allow-Methods: GET, POST, DELETE, PUT
15:56:33.083 [main] DEBUG org.apache.http.headers -- http-outgoing-1 << Access-Control-Allow-Headers: Content-Type, api_key, Authorization
15:56:33.083 [main] DEBUG org.apache.http.headers -- http-outgoing-1 << Server: Jetty(9.2.9.v20150224)
15:56:33.083 [main] DEBUG org.apache.http.impl.execchain.MainClientExec -- Connection can be kept alive indefinitely
15:56:33.083 [main] DEBUG org.apache.http.wire -- http-outgoing-1 << "0[\r][\n]"
15:56:33.084 [main] DEBUG org.apache.http.wire -- http-outgoing-1 << "[\r][\n]"
15:56:33.084 [main] DEBUG org.apache.http.impl.conn.PoolingHttpClientConnectionManager -- Connection [id: 1][route: {s}->https://petstore.swagger.io:443] can be kept alive indefinitely
15:56:33.084 [main] DEBUG org.apache.http.impl.conn.DefaultManagedHttpClientConnection -- http-outgoing-1: set socket timeout to 0
15:56:33.084 [main] DEBUG org.apache.http.impl.conn.PoolingHttpClientConnectionManager -- Connection released: [id: 1][route: {s}->https://petstore.swagger.io:443][total available: 1; route allocated: 1 of 5; total allocated: 1 of 10]
15:56:33.084 [main] DEBUG org.apache.http.impl.conn.PoolingHttpClientConnectionManager -- Connection manager is shutting down
15:56:33.084 [main] DEBUG org.apache.http.impl.conn.DefaultManagedHttpClientConnection -- http-outgoing-1: Close connection
15:56:33.085 [main] DEBUG org.apache.http.impl.conn.PoolingHttpClientConnectionManager -- Connection manager shut down
15:56:33.085 [main] DEBUG com.intuit.karate -- response time in milliseconds: 325
1 < 200
1 < Date: Tue, 09 Sep 2025 20:56:32 GMT
1 < Content-Type: application/json
1 < Transfer-Encoding: chunked
1 < Connection: keep-alive
1 < Access-Control-Allow-Origin: *
1 < Access-Control-Allow-Methods: GET, POST, DELETE, PUT
1 < Access-Control-Allow-Headers: Content-Type, api_key, Authorization
1 < Server: Jetty(9.2.9.v20150224)
{"id":12345,"name":"firulais","photoUrls":[],"tags":[],"status":"available"}

15:56:33.089 [main] DEBUG com.jayway.jsonpath.internal.path.CompiledPath -- Evaluating path: $['id']
]]></system-out>
  </testcase>
  <testcase name="[3:21] Actualizar nombre y estatus de mascota" classname="com/petstore/petstore" time="0.343">
    <system-out><![CDATA[15:56:33.099 [main] DEBUG com.jayway.jsonpath.internal.path.CompiledPath -- Evaluating path: $
15:56:33.101 [main] DEBUG org.apache.http.client.protocol.RequestAddCookies -- CookieSpec selected: karate
15:56:33.101 [main] DEBUG org.apache.http.client.protocol.RequestAuthCache -- Auth cache not set in the context
15:56:33.101 [main] DEBUG com.intuit.karate -- request:
1 > PUT https://petstore.swagger.io/v2/pet
1 > Content-Type: application/json; charset=UTF-8
1 > Content-Length: 49
1 > Host: petstore.swagger.io
1 > Connection: Keep-Alive
1 > User-Agent: Apache-HttpClient/4.5.14 (Java/11.0.28)
1 > Accept-Encoding: gzip,deflate
{"id":12345,"name":"UpdatedName","status":"sold"}

15:56:33.101 [main] DEBUG org.apache.http.impl.conn.PoolingHttpClientConnectionManager -- Connection request: [route: {s}->https://petstore.swagger.io:443][total available: 0; route allocated: 0 of 5; total allocated: 0 of 10]
15:56:33.101 [main] DEBUG org.apache.http.impl.conn.PoolingHttpClientConnectionManager -- Connection leased: [id: 2][route: {s}->https://petstore.swagger.io:443][total available: 0; route allocated: 1 of 5; total allocated: 1 of 10]
15:56:33.101 [main] DEBUG org.apache.http.impl.execchain.MainClientExec -- Opening connection {s}->https://petstore.swagger.io:443
15:56:33.102 [main] DEBUG org.apache.http.impl.conn.DefaultHttpClientConnectionOperator -- Connecting to petstore.swagger.io/34.197.14.90:443
15:56:33.102 [main] DEBUG org.apache.http.conn.ssl.SSLConnectionSocketFactory -- Connecting socket to petstore.swagger.io/34.197.14.90:443 with timeout 30000
15:56:33.206 [main] DEBUG org.apache.http.conn.ssl.SSLConnectionSocketFactory -- Enabled protocols: [TLSv1.3, TLSv1.2]
15:56:33.207 [main] DEBUG org.apache.http.conn.ssl.SSLConnectionSocketFactory -- Enabled cipher suites:[TLS_AES_256_GCM_SHA384, TLS_AES_128_GCM_SHA256, TLS_CHACHA20_POLY1305_SHA256, TLS_ECDHE_ECDSA_WITH_AES_256_GCM_SHA384, TLS_ECDHE_ECDSA_WITH_AES_128_GCM_SHA256, TLS_ECDHE_ECDSA_WITH_CHACHA20_POLY1305_SHA256, TLS_ECDHE_RSA_WITH_AES_256_GCM_SHA384, TLS_ECDHE_RSA_WITH_CHACHA20_POLY1305_SHA256, TLS_ECDHE_RSA_WITH_AES_128_GCM_SHA256, TLS_DHE_RSA_WITH_AES_256_GCM_SHA384, TLS_DHE_RSA_WITH_CHACHA20_POLY1305_SHA256, TLS_DHE_DSS_WITH_AES_256_GCM_SHA384, TLS_DHE_RSA_WITH_AES_128_GCM_SHA256, TLS_DHE_DSS_WITH_AES_128_GCM_SHA256, TLS_ECDHE_ECDSA_WITH_AES_256_CBC_SHA384, TLS_ECDHE_RSA_WITH_AES_256_CBC_SHA384, TLS_ECDHE_ECDSA_WITH_AES_128_CBC_SHA256, TLS_ECDHE_RSA_WITH_AES_128_CBC_SHA256, TLS_DHE_RSA_WITH_AES_256_CBC_SHA256, TLS_DHE_DSS_WITH_AES_256_CBC_SHA256, TLS_DHE_RSA_WITH_AES_128_CBC_SHA256, TLS_DHE_DSS_WITH_AES_128_CBC_SHA256, TLS_ECDHE_ECDSA_WITH_AES_256_CBC_SHA, TLS_ECDHE_RSA_WITH_AES_256_CBC_SHA, TLS_ECDHE_ECDSA_WITH_AES_128_CBC_SHA, TLS_ECDHE_RSA_WITH_AES_128_CBC_SHA, TLS_DHE_RSA_WITH_AES_256_CBC_SHA, TLS_DHE_DSS_WITH_AES_256_CBC_SHA, TLS_DHE_RSA_WITH_AES_128_CBC_SHA, TLS_DHE_DSS_WITH_AES_128_CBC_SHA, TLS_RSA_WITH_AES_256_GCM_SHA384, TLS_RSA_WITH_AES_128_GCM_SHA256, TLS_RSA_WITH_AES_256_CBC_SHA256, TLS_RSA_WITH_AES_128_CBC_SHA256, TLS_RSA_WITH_AES_256_CBC_SHA, TLS_RSA_WITH_AES_128_CBC_SHA, TLS_EMPTY_RENEGOTIATION_INFO_SCSV]
15:56:33.207 [main] DEBUG org.apache.http.conn.ssl.SSLConnectionSocketFactory -- Starting handshake
15:56:33.313 [main] DEBUG org.apache.http.conn.ssl.SSLConnectionSocketFactory -- Secure session established
15:56:33.313 [main] DEBUG org.apache.http.conn.ssl.SSLConnectionSocketFactory --  negotiated protocol: TLSv1.2
15:56:33.313 [main] DEBUG org.apache.http.conn.ssl.SSLConnectionSocketFactory --  negotiated cipher suite: TLS_ECDHE_RSA_WITH_AES_128_GCM_SHA256
15:56:33.313 [main] DEBUG org.apache.http.conn.ssl.SSLConnectionSocketFactory --  peer principal: CN=*.swagger.io
15:56:33.313 [main] DEBUG org.apache.http.conn.ssl.SSLConnectionSocketFactory --  peer alternative names: [*.swagger.io]
15:56:33.313 [main] DEBUG org.apache.http.conn.ssl.SSLConnectionSocketFactory --  issuer principal: CN=Amazon RSA 2048 M02, O=Amazon, C=US
15:56:33.313 [main] DEBUG org.apache.http.impl.conn.DefaultHttpClientConnectionOperator -- Connection established 192.168.18.204:61161<->34.197.14.90:443
15:56:33.314 [main] DEBUG org.apache.http.impl.conn.DefaultManagedHttpClientConnection -- http-outgoing-2: set socket timeout to 30000
15:56:33.314 [main] DEBUG org.apache.http.impl.execchain.MainClientExec -- Executing request PUT /v2/pet HTTP/1.1
15:56:33.314 [main] DEBUG org.apache.http.impl.execchain.MainClientExec -- Target auth state: UNCHALLENGED
15:56:33.314 [main] DEBUG org.apache.http.impl.execchain.MainClientExec -- Proxy auth state: UNCHALLENGED
15:56:33.314 [main] DEBUG org.apache.http.headers -- http-outgoing-2 >> PUT /v2/pet HTTP/1.1
15:56:33.314 [main] DEBUG org.apache.http.headers -- http-outgoing-2 >> Content-Type: application/json; charset=UTF-8
15:56:33.314 [main] DEBUG org.apache.http.headers -- http-outgoing-2 >> Content-Length: 49
15:56:33.314 [main] DEBUG org.apache.http.headers -- http-outgoing-2 >> Host: petstore.swagger.io
15:56:33.314 [main] DEBUG org.apache.http.headers -- http-outgoing-2 >> Connection: Keep-Alive
15:56:33.315 [main] DEBUG org.apache.http.headers -- http-outgoing-2 >> User-Agent: Apache-HttpClient/4.5.14 (Java/11.0.28)
15:56:33.315 [main] DEBUG org.apache.http.headers -- http-outgoing-2 >> Accept-Encoding: gzip,deflate
15:56:33.315 [main] DEBUG org.apache.http.wire -- http-outgoing-2 >> "PUT /v2/pet HTTP/1.1[\r][\n]"
15:56:33.315 [main] DEBUG org.apache.http.wire -- http-outgoing-2 >> "Content-Type: application/json; charset=UTF-8[\r][\n]"
15:56:33.315 [main] DEBUG org.apache.http.wire -- http-outgoing-2 >> "Content-Length: 49[\r][\n]"
15:56:33.315 [main] DEBUG org.apache.http.wire -- http-outgoing-2 >> "Host: petstore.swagger.io[\r][\n]"
15:56:33.315 [main] DEBUG org.apache.http.wire -- http-outgoing-2 >> "Connection: Keep-Alive[\r][\n]"
15:56:33.315 [main] DEBUG org.apache.http.wire -- http-outgoing-2 >> "User-Agent: Apache-HttpClient/4.5.14 (Java/11.0.28)[\r][\n]"
15:56:33.315 [main] DEBUG org.apache.http.wire -- http-outgoing-2 >> "Accept-Encoding: gzip,deflate[\r][\n]"
15:56:33.315 [main] DEBUG org.apache.http.wire -- http-outgoing-2 >> "[\r][\n]"
15:56:33.315 [main] DEBUG org.apache.http.wire -- http-outgoing-2 >> "{"id":12345,"name":"UpdatedName","status":"sold"}"
15:56:33.420 [main] DEBUG org.apache.http.wire -- http-outgoing-2 << "HTTP/1.1 200 OK[\r][\n]"
15:56:33.421 [main] DEBUG org.apache.http.wire -- http-outgoing-2 << "Date: Tue, 09 Sep 2025 20:56:32 GMT[\r][\n]"
15:56:33.421 [main] DEBUG org.apache.http.wire -- http-outgoing-2 << "Content-Type: application/json[\r][\n]"
15:56:33.421 [main] DEBUG org.apache.http.wire -- http-outgoing-2 << "Transfer-Encoding: chunked[\r][\n]"
15:56:33.421 [main] DEBUG org.apache.http.wire -- http-outgoing-2 << "Connection: keep-alive[\r][\n]"
15:56:33.422 [main] DEBUG org.apache.http.wire -- http-outgoing-2 << "Access-Control-Allow-Origin: *[\r][\n]"
15:56:33.422 [main] DEBUG org.apache.http.wire -- http-outgoing-2 << "Access-Control-Allow-Methods: GET, POST, DELETE, PUT[\r][\n]"
15:56:33.422 [main] DEBUG org.apache.http.wire -- http-outgoing-2 << "Access-Control-Allow-Headers: Content-Type, api_key, Authorization[\r][\n]"
15:56:33.422 [main] DEBUG org.apache.http.wire -- http-outgoing-2 << "Server: Jetty(9.2.9.v20150224)[\r][\n]"
15:56:33.422 [main] DEBUG org.apache.http.wire -- http-outgoing-2 << "[\r][\n]"
15:56:33.422 [main] DEBUG org.apache.http.wire -- http-outgoing-2 << "4a[\r][\n]"
15:56:33.422 [main] DEBUG org.apache.http.wire -- http-outgoing-2 << "{"id":12345,"name":"UpdatedName","photoUrls":[],"tags":[],"status":"sold"}[\r][\n]"
15:56:33.422 [main] DEBUG org.apache.http.headers -- http-outgoing-2 << HTTP/1.1 200 OK
15:56:33.423 [main] DEBUG org.apache.http.headers -- http-outgoing-2 << Date: Tue, 09 Sep 2025 20:56:32 GMT
15:56:33.423 [main] DEBUG org.apache.http.headers -- http-outgoing-2 << Content-Type: application/json
15:56:33.423 [main] DEBUG org.apache.http.headers -- http-outgoing-2 << Transfer-Encoding: chunked
15:56:33.423 [main] DEBUG org.apache.http.headers -- http-outgoing-2 << Connection: keep-alive
15:56:33.423 [main] DEBUG org.apache.http.headers -- http-outgoing-2 << Access-Control-Allow-Origin: *
15:56:33.423 [main] DEBUG org.apache.http.headers -- http-outgoing-2 << Access-Control-Allow-Methods: GET, POST, DELETE, PUT
15:56:33.423 [main] DEBUG org.apache.http.headers -- http-outgoing-2 << Access-Control-Allow-Headers: Content-Type, api_key, Authorization
15:56:33.423 [main] DEBUG org.apache.http.headers -- http-outgoing-2 << Server: Jetty(9.2.9.v20150224)
15:56:33.423 [main] DEBUG org.apache.http.impl.execchain.MainClientExec -- Connection can be kept alive indefinitely
15:56:33.424 [main] DEBUG org.apache.http.wire -- http-outgoing-2 << "0[\r][\n]"
15:56:33.424 [main] DEBUG org.apache.http.wire -- http-outgoing-2 << "[\r][\n]"
15:56:33.424 [main] DEBUG org.apache.http.impl.conn.PoolingHttpClientConnectionManager -- Connection [id: 2][route: {s}->https://petstore.swagger.io:443] can be kept alive indefinitely
15:56:33.424 [main] DEBUG org.apache.http.impl.conn.DefaultManagedHttpClientConnection -- http-outgoing-2: set socket timeout to 0
15:56:33.424 [main] DEBUG org.apache.http.impl.conn.PoolingHttpClientConnectionManager -- Connection released: [id: 2][route: {s}->https://petstore.swagger.io:443][total available: 1; route allocated: 1 of 5; total allocated: 1 of 10]
15:56:33.425 [main] DEBUG org.apache.http.impl.conn.PoolingHttpClientConnectionManager -- Connection manager is shutting down
15:56:33.425 [main] DEBUG org.apache.http.impl.conn.DefaultManagedHttpClientConnection -- http-outgoing-2: Close connection
15:56:33.426 [main] DEBUG org.apache.http.impl.conn.PoolingHttpClientConnectionManager -- Connection manager shut down
15:56:33.426 [main] DEBUG com.intuit.karate -- response time in milliseconds: 323
1 < 200
1 < Date: Tue, 09 Sep 2025 20:56:32 GMT
1 < Content-Type: application/json
1 < Transfer-Encoding: chunked
1 < Connection: keep-alive
1 < Access-Control-Allow-Origin: *
1 < Access-Control-Allow-Methods: GET, POST, DELETE, PUT
1 < Access-Control-Allow-Headers: Content-Type, api_key, Authorization
1 < Server: Jetty(9.2.9.v20150224)
{"id":12345,"name":"UpdatedName","photoUrls":[],"tags":[],"status":"sold"}

15:56:33.430 [main] DEBUG com.jayway.jsonpath.internal.path.CompiledPath -- Evaluating path: $['name']
15:56:33.435 [main] DEBUG com.jayway.jsonpath.internal.path.CompiledPath -- Evaluating path: $['status']
]]></system-out>
  </testcase>
  <testcase name="[4:30] Consultar mascota modificada por estatus" classname="com/petstore/petstore" time="1.232">
    <system-out><![CDATA[15:56:33.450 [main] DEBUG org.apache.http.client.protocol.RequestAddCookies -- CookieSpec selected: karate
15:56:33.450 [main] DEBUG org.apache.http.client.protocol.RequestAuthCache -- Auth cache not set in the context
15:56:33.450 [main] DEBUG com.intuit.karate -- request:
1 > GET https://petstore.swagger.io/v2/pet/findByStatus?status=sold
1 > Host: petstore.swagger.io
1 > Connection: Keep-Alive
1 > User-Agent: Apache-HttpClient/4.5.14 (Java/11.0.28)
1 > Accept-Encoding: gzip,deflate


15:56:33.450 [main] DEBUG org.apache.http.impl.conn.PoolingHttpClientConnectionManager -- Connection request: [route: {s}->https://petstore.swagger.io:443][total available: 0; route allocated: 0 of 5; total allocated: 0 of 10]
15:56:33.450 [main] DEBUG org.apache.http.impl.conn.PoolingHttpClientConnectionManager -- Connection leased: [id: 3][route: {s}->https://petstore.swagger.io:443][total available: 0; route allocated: 1 of 5; total allocated: 1 of 10]
15:56:33.450 [main] DEBUG org.apache.http.impl.execchain.MainClientExec -- Opening connection {s}->https://petstore.swagger.io:443
15:56:33.451 [main] DEBUG org.apache.http.impl.conn.DefaultHttpClientConnectionOperator -- Connecting to petstore.swagger.io/34.197.14.90:443
15:56:33.451 [main] DEBUG org.apache.http.conn.ssl.SSLConnectionSocketFactory -- Connecting socket to petstore.swagger.io/34.197.14.90:443 with timeout 30000
15:56:33.554 [main] DEBUG org.apache.http.conn.ssl.SSLConnectionSocketFactory -- Enabled protocols: [TLSv1.3, TLSv1.2]
15:56:33.555 [main] DEBUG org.apache.http.conn.ssl.SSLConnectionSocketFactory -- Enabled cipher suites:[TLS_AES_256_GCM_SHA384, TLS_AES_128_GCM_SHA256, TLS_CHACHA20_POLY1305_SHA256, TLS_ECDHE_ECDSA_WITH_AES_256_GCM_SHA384, TLS_ECDHE_ECDSA_WITH_AES_128_GCM_SHA256, TLS_ECDHE_ECDSA_WITH_CHACHA20_POLY1305_SHA256, TLS_ECDHE_RSA_WITH_AES_256_GCM_SHA384, TLS_ECDHE_RSA_WITH_CHACHA20_POLY1305_SHA256, TLS_ECDHE_RSA_WITH_AES_128_GCM_SHA256, TLS_DHE_RSA_WITH_AES_256_GCM_SHA384, TLS_DHE_RSA_WITH_CHACHA20_POLY1305_SHA256, TLS_DHE_DSS_WITH_AES_256_GCM_SHA384, TLS_DHE_RSA_WITH_AES_128_GCM_SHA256, TLS_DHE_DSS_WITH_AES_128_GCM_SHA256, TLS_ECDHE_ECDSA_WITH_AES_256_CBC_SHA384, TLS_ECDHE_RSA_WITH_AES_256_CBC_SHA384, TLS_ECDHE_ECDSA_WITH_AES_128_CBC_SHA256, TLS_ECDHE_RSA_WITH_AES_128_CBC_SHA256, TLS_DHE_RSA_WITH_AES_256_CBC_SHA256, TLS_DHE_DSS_WITH_AES_256_CBC_SHA256, TLS_DHE_RSA_WITH_AES_128_CBC_SHA256, TLS_DHE_DSS_WITH_AES_128_CBC_SHA256, TLS_ECDHE_ECDSA_WITH_AES_256_CBC_SHA, TLS_ECDHE_RSA_WITH_AES_256_CBC_SHA, TLS_ECDHE_ECDSA_WITH_AES_128_CBC_SHA, TLS_ECDHE_RSA_WITH_AES_128_CBC_SHA, TLS_DHE_RSA_WITH_AES_256_CBC_SHA, TLS_DHE_DSS_WITH_AES_256_CBC_SHA, TLS_DHE_RSA_WITH_AES_128_CBC_SHA, TLS_DHE_DSS_WITH_AES_128_CBC_SHA, TLS_RSA_WITH_AES_256_GCM_SHA384, TLS_RSA_WITH_AES_128_GCM_SHA256, TLS_RSA_WITH_AES_256_CBC_SHA256, TLS_RSA_WITH_AES_128_CBC_SHA256, TLS_RSA_WITH_AES_256_CBC_SHA, TLS_RSA_WITH_AES_128_CBC_SHA, TLS_EMPTY_RENEGOTIATION_INFO_SCSV]
15:56:33.555 [main] DEBUG org.apache.http.conn.ssl.SSLConnectionSocketFactory -- Starting handshake
15:56:33.663 [main] DEBUG org.apache.http.conn.ssl.SSLConnectionSocketFactory -- Secure session established
15:56:33.663 [main] DEBUG org.apache.http.conn.ssl.SSLConnectionSocketFactory --  negotiated protocol: TLSv1.2
15:56:33.663 [main] DEBUG org.apache.http.conn.ssl.SSLConnectionSocketFactory --  negotiated cipher suite: TLS_ECDHE_RSA_WITH_AES_128_GCM_SHA256
15:56:33.663 [main] DEBUG org.apache.http.conn.ssl.SSLConnectionSocketFactory --  peer principal: CN=*.swagger.io
15:56:33.663 [main] DEBUG org.apache.http.conn.ssl.SSLConnectionSocketFactory --  peer alternative names: [*.swagger.io]
15:56:33.663 [main] DEBUG org.apache.http.conn.ssl.SSLConnectionSocketFactory --  issuer principal: CN=Amazon RSA 2048 M02, O=Amazon, C=US
15:56:33.664 [main] DEBUG org.apache.http.impl.conn.DefaultHttpClientConnectionOperator -- Connection established 192.168.18.204:61162<->34.197.14.90:443
15:56:33.664 [main] DEBUG org.apache.http.impl.conn.DefaultManagedHttpClientConnection -- http-outgoing-3: set socket timeout to 30000
15:56:33.664 [main] DEBUG org.apache.http.impl.execchain.MainClientExec -- Executing request GET /v2/pet/findByStatus?status=sold HTTP/1.1
15:56:33.664 [main] DEBUG org.apache.http.impl.execchain.MainClientExec -- Target auth state: UNCHALLENGED
15:56:33.664 [main] DEBUG org.apache.http.impl.execchain.MainClientExec -- Proxy auth state: UNCHALLENGED
15:56:33.664 [main] DEBUG org.apache.http.headers -- http-outgoing-3 >> GET /v2/pet/findByStatus?status=sold HTTP/1.1
15:56:33.664 [main] DEBUG org.apache.http.headers -- http-outgoing-3 >> Host: petstore.swagger.io
15:56:33.665 [main] DEBUG org.apache.http.headers -- http-outgoing-3 >> Connection: Keep-Alive
15:56:33.665 [main] DEBUG org.apache.http.headers -- http-outgoing-3 >> User-Agent: Apache-HttpClient/4.5.14 (Java/11.0.28)
15:56:33.665 [main] DEBUG org.apache.http.headers -- http-outgoing-3 >> Accept-Encoding: gzip,deflate
15:56:33.665 [main] DEBUG org.apache.http.wire -- http-outgoing-3 >> "GET /v2/pet/findByStatus?status=sold HTTP/1.1[\r][\n]"
15:56:33.665 [main] DEBUG org.apache.http.wire -- http-outgoing-3 >> "Host: petstore.swagger.io[\r][\n]"
15:56:33.665 [main] DEBUG org.apache.http.wire -- http-outgoing-3 >> "Connection: Keep-Alive[\r][\n]"
15:56:33.666 [main] DEBUG org.apache.http.wire -- http-outgoing-3 >> "User-Agent: Apache-HttpClient/4.5.14 (Java/11.0.28)[\r][\n]"
15:56:33.666 [main] DEBUG org.apache.http.wire -- http-outgoing-3 >> "Accept-Encoding: gzip,deflate[\r][\n]"
15:56:33.666 [main] DEBUG org.apache.http.wire -- http-outgoing-3 >> "[\r][\n]"
15:56:33.774 [main] DEBUG org.apache.http.wire -- http-outgoing-3 << "HTTP/1.1 200 OK[\r][\n]"
15:56:33.774 [main] DEBUG org.apache.http.wire -- http-outgoing-3 << "Date: Tue, 09 Sep 2025 20:56:32 GMT[\r][\n]"
15:56:33.774 [main] DEBUG org.apache.http.wire -- http-outgoing-3 << "Content-Type: application/json[\r][\n]"
15:56:33.774 [main] DEBUG org.apache.http.wire -- http-outgoing-3 << "Transfer-Encoding: chunked[\r][\n]"
15:56:33.774 [main] DEBUG org.apache.http.wire -- http-outgoing-3 << "Connection: keep-alive[\r][\n]"
15:56:33.774 [main] DEBUG org.apache.http.wire -- http-outgoing-3 << "Access-Control-Allow-Origin: *[\r][\n]"
15:56:33.774 [main] DEBUG org.apache.http.wire -- http-outgoing-3 << "Access-Control-Allow-Methods: GET, POST, DELETE, PUT[\r][\n]"
15:56:33.775 [main] DEBUG org.apache.http.wire -- http-outgoing-3 << "Access-Control-Allow-Headers: Content-Type, api_key, Authorization[\r][\n]"
15:56:33.775 [main] DEBUG org.apache.http.wire -- http-outgoing-3 << "Server: Jetty(9.2.9.v20150224)[\r][\n]"
15:56:33.775 [main] DEBUG org.apache.http.wire -- http-outgoing-3 << "[\r][\n]"
15:56:33.775 [main] DEBUG org.apache.http.wire -- http-outgoing-3 << "2b5b[\r][\n]"
15:56:33.776 [main] DEBUG org.apache.http.wire -- http-outgoing-3 << "[{"id":1757428863889,"name":"doggie_updated","photoUrls":["http://example.com/photo1.jpg","http://example.com/photo2.jpg"],"tags":[],"status":"sold"},{"id":6921957,"category":{"id":100,"name":"anna_test"},"name":"TestPetSold","photoUrls":["https://example.com/pet.jpg"],"tags":[{"id":100,"name":"anna_tag"}],"status":"sold"},{"id":288,"category":{"id":100,"name":"anna_test"},"name":"UpdatePet","photoUrls":["anna_test_url"],"tags":[{"id":100,"name":"anna_tag"}],"status":"sold"},{"id":273,"category":{"id":100,"name":"anna_test"},"name":"TestPetX","photoUrls":["anna_test_url"],"tags":[{"id":100,"name":"anna_tag"}],"status":"sold"},{"id":278,"category":{"id":100,"name":"anna_test"},"name":"UpdatePetTest","photoUrls":["anna_test_url"],"tags":[{"id":100,"name":"anna_tag"}],"status":"sold"},{"id":216,"category":{"id":100,"name":"anna_test"},"name":"UpdatePetTest","photoUrls":["anna_test_url"],"tags":[{"id":100,"name":"anna_tag"}],"status":"sold"},{"id":261,"category":{"id":100,"name":"anna_test"},"name":"UpdatePetTest","photoUrls":["anna_test_url"],"tags":[{"id":100,"name":"anna_tag"}],"status":"sold"},{"id":237,"category":{"id":100,"name":"anna_test"},"name":"UpdatePetTest","photoUrls":["anna_test_url"],"tags":[{"id":100,"name":"anna_tag"}],"status":"sold"},{"id":297,"category":{"id":100,"name":"anna_test"},"name":"UpdatePet","photoUrls":["anna_test_url"],"tags":[{"id":100,"name":"anna_tag"}],"status":"sold"},{"id":266,"category":{"id":100,"name":"anna_test"},"name":"UpdatePet","photoUrls":["anna_test_url"],"tags":[{"id":100,"name":"anna_tag"}],"status":"sold"},{"id":12345,"name":"UpdatedName","photoUrls":[],"tags":[],"status":"sold"},{"id":3594763,"category":{"id":100,"name":"anna_test"},"name":"TestPetSold","photoUrls":["https://example.com/pet.jpg"],"tags":[{"id":100,"name":"anna_tag"}],"status":"sold"},{"id":3136264,"category":{"id":100,"name":"anna_test"},"name":"TestPetSold","photoUrls":["https://example.com/pet.jpg"],"tags":[{"id":100,"name":"anna_tag"}],"status":"sold"},{"id":1757435836475,"name":"Maximus","photoUrls":[],"tags":[],"status":"sold"},{"id":1757435847443,"name":"Maximus","photoUrls":[],"tags":[],"status":"sold"},{"id":1757435863510,"name":"Maximus","photoUrls":[],"tags":[],"status":"sold"},{"id":1757435871338,"name":"Maximus","photoUrls":[],"tags":[],"status":"sold"},{"id":1757435909634,"name":"Maximus","photoUrls":[],"tags":[],"status":"sold"},{"id":1757435925485,"name":"Maximus","photoUrls":[],"tags":[],"status":"sold"},{"id":1757435935144,"name":"Maximus","photoUrls":[],"tags":[],"status":"sold"},{"id":1757436101591,"name":"Nimbus Updated","photoUrls":["https://example.com/photo.png"],"tags":[],"status":"sold"},{"id":1757436320896,"name":"Maximus","photoUrls":[],"tags":[],"status":"sold"},{"id":1757436431862,"name":"Maximus","photoUrls":[],"tags":[],"status":"sold"},{"id":1757436441751,"name":"Maximus","photoUrls":[],"tags":[],"status":"sold"},{"id":1757436532155,"name":"Maximus","photoUrls":[],"tags":[],"status":"sold"},{"id":1757436556862,"name":"Maximus","photoUrls":[],"tags":[],"status":"sold"},{"id":1757436565634,"name":"Maximus","photoUrls":[],"tags":[],"status":"sold"},{"id":1757436572038,"name":"Maximus","photoUrls":[],"tags":[],"status":"sold"},{"id":1757436610660,"name":"Maximus","photoUrls":[],"tags":[],"status":"sold"},{"id":9222968140497180536,"name":"fish","photoUrls":[],"tags":[],"status":"sold"},{"id":808,"category":{"id":365,"name":"Tasty Plastic Soap"},"name":"Generic Concrete Shoes","photoUrls":["http://placeimg.com/640/480/animals"],"tags":[{"id":897,"name":"quasi"},{"id":959,"name":"dignissimos"}],"status":"sold"},{"id":386,"category":{"id":852,"name":"Intelligent Steel Keyboard"},"name":"Ergonomic Cotton Gloves","photoUrls":["http://placeimg.com/640/480/animals"],"tags":[{"id":296,"name":"maxime exercitationem sequi"},{"id":853,"name":"Quia libero nihil est cumque. Quasi nulla porro nam nihil quia ut natus. Fugit ut ea nam ut laboriosam qui voluptatem iusto."}],"status":"sold"},{"id":1757437946734,"name":"Maximus","photoUrls":[],"tags":[],"status":"sold"},{"id":544827,"name":"Sarah","photoUrls":["https://picsum.photos/122/466"],"tags":[],"status":"sold"},{"id":223729,"name":"Matthew","photoUrls":["https://dummyimage.com/140x562"],"tags":[],"status":"sold"},{"id":775024,"name":"Erica","photoUrls":["https://dummyimage.com/850x599"],"tags":[],"status":"sold"},{"id":401,"category":{"id":402,"name":"CatsDogs"},"name":"Maxfacorv3","photoUrls":["string"],"tags":[{"id":403,"name":"CatsDogs"}],"status":"sold"},{"id":13,"category":{"id":0,"name":"cats"},"photoUrls":["string"],"tags":[{"id":0,"name":"string"}],"status":"sold"},{"id":123335,"name":"Laura","photoUrls":["https://dummyimage.com/325x573"],"tags":[],"status":"sold"},{"id":977908,"name":"Brenda","photoUrls":["https://dummyimage.com/521x425"],"tags":[],"status":"sold"},{"id":56331470,"category":{"id":28262311,"name":"nostrud proident"},"name":"doggie","photoUrls":["sunt dolor veniam aliqua","nulla anim ex"],"tags":[{"id":21515670,"name":"voluptate in elit ani"},{"id":-36858804,"name":"proident non deserunt"}],"status":"sold"},{"id":260173001,"category":{"id":1333,"name":"string2"},"name":"Updated Twice","photoUrls":["string"],"tags":[{"id":4321,"name":"string2"}],"status":"sold"},{"id":91507602,"category":{"id":-95494262,"name":"sit ea"},"name":"doggie","photoUrls":["deserunt","id sint et"],"tags":[{"id":-54029842,"name":"ullamco"},{"id":13198949,"name":"id"}],"status":"sold"},{"id":1757442723837,"name":"Nimbus Updated","photoUrls":["https://example.com/photo.png"],"tags":[],"status":"sold"},{"id":9223372016900012000,"category":{"id":0,"name":"string"},"name":"sold","photoUrls":["string"],"tags":[{"id":0,"name":"string"}],"status":"sold"},{"id":1757443096554,"name":"Nimbus Updated","photoUrls":["https://example.com/photo.png"],"tags":[],"status":"sold"},{"id":3903023,"category":{"id":-56789506,"name":"cillum p"},"name":"doggie","photoUrls":["aliquip Excepteur","commodo dolore consequat eu"],"tags":[{"id":60937326,"name":"irure in"},{"id":20218536,"name":"sint consectetur ad voluptate"}],"status":"sold"},{"id":690,"category":{"id":357,"name":"Oklahoma"},"name":"framework","photoUrls":["value-added"],"tags":[{"id":562,"name":"Alabama"}],"status":"sold"},{"id":24093935,"category":{"id":-6714225,"name":"do magna"},"name":"doggie","photoUrls":["aute","velit"],"tags":[{"id":71561130,"name":"deserunt ut occaecat"},{"id":-1195842,"name":"nulla nostrud occaeca"}],"status":"sold"},{"id":1757443738542,"name":"Nimbus Updated","photoUrls":["https://example.com/photo.png"],"tags":[],"status":"sold"},{"id":488,"category":{"id":372,"name":"microchip"},"name":"pink","photoUrls":["http://dean.net","https://ariel.com","https://raegan.info"],"tags":[{"id":75,"name":"application"}],"status":"sold"},{"id":236,"category":{"id":90,"name":"hard drive"},"name":"mint green","photoUrls":["http://montana.com","https://clemens.info","https://braden.info"],"tags":[{"id":501,"name":"interface"}],"status":"sold"},{"id":145,"category":{"id":168,"name":"port"},"name":"orange","photoUrls":["http://samara.name","https://aubrey.info","https://loraine.info"],"tags":[{"id":872,"name":"system"}],"status":"sold"},{"id":94,"category":{"id":399,"name":"matrix"},"name":"red","photoUrls":["https://dudley.net","https://dee.com","https://marge.net"],"tags":[{"id":42,"name":"circuit"},{"id":997,"name":"microchip"}],"status":"sold"},{"id":1757445583963,"name":"Nimbus Updated","photoUrls":["https://example.com/photo.png"],"tags":[],"status":"sold"},{"id":335,"category":{"id":348,"name":"monitor"},"name":"turquoise","photoUrls":["http://tierra.com","https://reba.org","http://brook.com"],"tags":[{"id":967,"name":"firewall"},{"id":78,"name":"bandwidth"}],"status":"sold"},{"id":1757445735721,"name":"Louie","photoUrls":["https://picsum.photos/seed/0QHvkT4/3904/925"],"tags":[],"sta"
15:56:33.777 [main] DEBUG org.apache.http.headers -- http-outgoing-3 << HTTP/1.1 200 OK
15:56:33.777 [main] DEBUG org.apache.http.headers -- http-outgoing-3 << Date: Tue, 09 Sep 2025 20:56:32 GMT
15:56:33.777 [main] DEBUG org.apache.http.headers -- http-outgoing-3 << Content-Type: application/json
15:56:33.777 [main] DEBUG org.apache.http.headers -- http-outgoing-3 << Transfer-Encoding: chunked
15:56:33.777 [main] DEBUG org.apache.http.headers -- http-outgoing-3 << Connection: keep-alive
15:56:33.777 [main] DEBUG org.apache.http.headers -- http-outgoing-3 << Access-Control-Allow-Origin: *
15:56:33.777 [main] DEBUG org.apache.http.headers -- http-outgoing-3 << Access-Control-Allow-Methods: GET, POST, DELETE, PUT
15:56:33.777 [main] DEBUG org.apache.http.headers -- http-outgoing-3 << Access-Control-Allow-Headers: Content-Type, api_key, Authorization
15:56:33.777 [main] DEBUG org.apache.http.headers -- http-outgoing-3 << Server: Jetty(9.2.9.v20150224)
15:56:33.777 [main] DEBUG org.apache.http.impl.execchain.MainClientExec -- Connection can be kept alive indefinitely
15:56:33.778 [main] DEBUG org.apache.http.wire -- http-outgoing-3 << "tus":"sold"},{"id":905,"category":{"id":279,"name":"bandwidth"},"name":"red","photoUrls":["http://missouri.com","http://turner.org","http://eva.com"],"tags":[{"id":145,"name":"firewall"},{"id":331,"name":"sensor"}],"status":"sold"},{"id":949,"category":{"id":389,"name":"transmitter"},"name":"salmon","photoUrls":["http://devonte.net","http://alexandrine.info","https://brianne.biz"],"tags":[{"id":142,"name":"bandwidth"},{"id":749,"name":"capacitor"}],"status":"sold"},{"id":799,"category":{"id":243,"name":"hard drive"},"name":"black","photoUrls":["https://selena.info","https://miller.info","https://felicia.name"],"tags":[{"id":208,"name":"firewall"},{"id":656,"name":"port"}],"status":"sold"},{"id":364,"category":{"id":654,"name":"protocol"},"name":"turquoise","photoUrls":["https://elvis.name","http://raymundo.org","http://darlene.info"],"tags":[{"id":990,"name":"interface"},{"id":906,"name":"driver"}],"status":"sold"},{"id":210,"category":{"id":787,"name":"feed"},"name":"red","photoUrls":["http://roselyn.org","h"
15:56:33.778 [main] DEBUG org.apache.http.wire -- http-outgoing-3 << "ttps://melvin.com","http://josiah.net"],"tags":[{"id":235,"name":"matrix"},{"id":961,"name":"monitor"}],"status":"sold"},{"id":554,"category":{"id":458,"name":"program"},"name":"plum","photoUrls":["http://horacio.org","https://glen.com","http://gerhard.biz"],"tags":[{"id":757,"name":"matrix"},{"id":982,"name":"system"}],"status":"sold"},{"id":7032,"category":{"id":9014,"name":"string"},"name":"doggie","photoUrls":["string","string"],"tags":[{"id":8962,"name":"string"},{"id":811,"name":"string"}],"status":"sold"},{"id":92,"category":{"id":735,"name":"capacitor"},"name":"olive","photoUrls":["http://jennie.biz","https://tod.info","http://hillary.net"],"tags":[{"id":56,"name":"driver"},{"id":113,"name":"alarm"}],"status":"sold"},{"id":155,"category":{"id":398,"name":"system"},"name":"purple","photoUrls":["http://vance.info","https://norval.org","https://terrill.org"],"tags":[{"id":823,"name":"driver"},{"id":594,"name":"array"}],"status":"sold"},{"id":1757446905651,"name":"Louie","photoUrls":["https://loremflickr."
15:56:33.778 [main] DEBUG org.apache.http.wire -- http-outgoing-3 << "com/1507/1764?lock=8113306554999329"],"tags":[],"status":"sold"},{"id":1757447988757,"name":"Max","photoUrls":["https://picsum.photos/seed/3thb6/1979/2895"],"tags":[],"status":"sold"},{"id":877,"category":{"id":415,"name":"protocol"},"name":"azure","photoUrls":["http://pearlie.biz","https://paula.biz","http://lavinia.net"],"tags":[{"id":5,"name":"alarm"},{"id":499,"name":"circuit"}],"status":"sold"},{"id":628,"category":{"id":961,"name":"sensor"},"name":"plum","photoUrls":["https://loraine.name","https://adalberto.org","http://itzel.biz"],"tags":[{"id":81,"name":"array"},{"id":888,"name":"sensor"}],"status":"sold"},{"id":864,"category":{"id":793,"name":"driver"},"name":"grey","photoUrls":["http://kristin.info","https://donavon.biz","https://adrian.net"],"tags":[{"id":768,"name":"interface"},{"id":783,"name":"application"}],"status":"sold"},{"id":9999999999,"category":{"id":1,"name":"Dogs"},"name":"Rex Updated","photoUrls":["http://example.com/photo1.jpg"],"tags":[{"id":1,"name":"test-tag"}],"status":"sold"},{"
15:56:33.778 [main] DEBUG org.apache.http.wire -- http-outgoing-3 << ""id":98765,"category":{"id":1,"name":"Dog"},"name":"Buddy Updated","photoUrls":["https://example.com/photo1.jpg"],"tags":[{"id":1,"name":"friendly"}],"status":"sold"}][\r][\n]"
15:56:33.779 [main] DEBUG org.apache.http.wire -- http-outgoing-3 << "0[\r][\n]"
15:56:33.779 [main] DEBUG org.apache.http.wire -- http-outgoing-3 << "[\r][\n]"
15:56:33.779 [main] DEBUG org.apache.http.impl.conn.PoolingHttpClientConnectionManager -- Connection [id: 3][route: {s}->https://petstore.swagger.io:443] can be kept alive indefinitely
15:56:33.779 [main] DEBUG org.apache.http.impl.conn.DefaultManagedHttpClientConnection -- http-outgoing-3: set socket timeout to 0
15:56:33.779 [main] DEBUG org.apache.http.impl.conn.PoolingHttpClientConnectionManager -- Connection released: [id: 3][route: {s}->https://petstore.swagger.io:443][total available: 1; route allocated: 1 of 5; total allocated: 1 of 10]
15:56:33.779 [main] DEBUG org.apache.http.impl.conn.PoolingHttpClientConnectionManager -- Connection manager is shutting down
15:56:33.779 [main] DEBUG org.apache.http.impl.conn.DefaultManagedHttpClientConnection -- http-outgoing-3: Close connection
15:56:33.780 [main] DEBUG org.apache.http.impl.conn.PoolingHttpClientConnectionManager -- Connection manager shut down
15:56:33.780 [main] DEBUG com.intuit.karate -- response time in milliseconds: 329
1 < 200
1 < Date: Tue, 09 Sep 2025 20:56:32 GMT
1 < Content-Type: application/json
1 < Transfer-Encoding: chunked
1 < Connection: keep-alive
1 < Access-Control-Allow-Origin: *
1 < Access-Control-Allow-Methods: GET, POST, DELETE, PUT
1 < Access-Control-Allow-Headers: Content-Type, api_key, Authorization
1 < Server: Jetty(9.2.9.v20150224)
[{"id":1757428863889,"name":"doggie_updated","photoUrls":["http://example.com/photo1.jpg","http://example.com/photo2.jpg"],"tags":[],"status":"sold"},{"id":6921957,"category":{"id":100,"name":"anna_test"},"name":"TestPetSold","photoUrls":["https://example.com/pet.jpg"],"tags":[{"id":100,"name":"anna_tag"}],"status":"sold"},{"id":288,"category":{"id":100,"name":"anna_test"},"name":"UpdatePet","photoUrls":["anna_test_url"],"tags":[{"id":100,"name":"anna_tag"}],"status":"sold"},{"id":273,"category":{"id":100,"name":"anna_test"},"name":"TestPetX","photoUrls":["anna_test_url"],"tags":[{"id":100,"name":"anna_tag"}],"status":"sold"},{"id":278,"category":{"id":100,"name":"anna_test"},"name":"UpdatePetTest","photoUrls":["anna_test_url"],"tags":[{"id":100,"name":"anna_tag"}],"status":"sold"},{"id":216,"category":{"id":100,"name":"anna_test"},"name":"UpdatePetTest","photoUrls":["anna_test_url"],"tags":[{"id":100,"name":"anna_tag"}],"status":"sold"},{"id":261,"category":{"id":100,"name":"anna_test"},"name":"UpdatePetTest","photoUrls":["anna_test_url"],"tags":[{"id":100,"name":"anna_tag"}],"status":"sold"},{"id":237,"category":{"id":100,"name":"anna_test"},"name":"UpdatePetTest","photoUrls":["anna_test_url"],"tags":[{"id":100,"name":"anna_tag"}],"status":"sold"},{"id":297,"category":{"id":100,"name":"anna_test"},"name":"UpdatePet","photoUrls":["anna_test_url"],"tags":[{"id":100,"name":"anna_tag"}],"status":"sold"},{"id":266,"category":{"id":100,"name":"anna_test"},"name":"UpdatePet","photoUrls":["anna_test_url"],"tags":[{"id":100,"name":"anna_tag"}],"status":"sold"},{"id":12345,"name":"UpdatedName","photoUrls":[],"tags":[],"status":"sold"},{"id":3594763,"category":{"id":100,"name":"anna_test"},"name":"TestPetSold","photoUrls":["https://example.com/pet.jpg"],"tags":[{"id":100,"name":"anna_tag"}],"status":"sold"},{"id":3136264,"category":{"id":100,"name":"anna_test"},"name":"TestPetSold","photoUrls":["https://example.com/pet.jpg"],"tags":[{"id":100,"name":"anna_tag"}],"status":"sold"},{"id":1757435836475,"name":"Maximus","photoUrls":[],"tags":[],"status":"sold"},{"id":1757435847443,"name":"Maximus","photoUrls":[],"tags":[],"status":"sold"},{"id":1757435863510,"name":"Maximus","photoUrls":[],"tags":[],"status":"sold"},{"id":1757435871338,"name":"Maximus","photoUrls":[],"tags":[],"status":"sold"},{"id":1757435909634,"name":"Maximus","photoUrls":[],"tags":[],"status":"sold"},{"id":1757435925485,"name":"Maximus","photoUrls":[],"tags":[],"status":"sold"},{"id":1757435935144,"name":"Maximus","photoUrls":[],"tags":[],"status":"sold"},{"id":1757436101591,"name":"Nimbus Updated","photoUrls":["https://example.com/photo.png"],"tags":[],"status":"sold"},{"id":1757436320896,"name":"Maximus","photoUrls":[],"tags":[],"status":"sold"},{"id":1757436431862,"name":"Maximus","photoUrls":[],"tags":[],"status":"sold"},{"id":1757436441751,"name":"Maximus","photoUrls":[],"tags":[],"status":"sold"},{"id":1757436532155,"name":"Maximus","photoUrls":[],"tags":[],"status":"sold"},{"id":1757436556862,"name":"Maximus","photoUrls":[],"tags":[],"status":"sold"},{"id":1757436565634,"name":"Maximus","photoUrls":[],"tags":[],"status":"sold"},{"id":1757436572038,"name":"Maximus","photoUrls":[],"tags":[],"status":"sold"},{"id":1757436610660,"name":"Maximus","photoUrls":[],"tags":[],"status":"sold"},{"id":9222968140497180536,"name":"fish","photoUrls":[],"tags":[],"status":"sold"},{"id":808,"category":{"id":365,"name":"Tasty Plastic Soap"},"name":"Generic Concrete Shoes","photoUrls":["http://placeimg.com/640/480/animals"],"tags":[{"id":897,"name":"quasi"},{"id":959,"name":"dignissimos"}],"status":"sold"},{"id":386,"category":{"id":852,"name":"Intelligent Steel Keyboard"},"name":"Ergonomic Cotton Gloves","photoUrls":["http://placeimg.com/640/480/animals"],"tags":[{"id":296,"name":"maxime exercitationem sequi"},{"id":853,"name":"Quia libero nihil est cumque. Quasi nulla porro nam nihil quia ut natus. Fugit ut ea nam ut laboriosam qui voluptatem iusto."}],"status":"sold"},{"id":1757437946734,"name":"Maximus","photoUrls":[],"tags":[],"status":"sold"},{"id":544827,"name":"Sarah","photoUrls":["https://picsum.photos/122/466"],"tags":[],"status":"sold"},{"id":223729,"name":"Matthew","photoUrls":["https://dummyimage.com/140x562"],"tags":[],"status":"sold"},{"id":775024,"name":"Erica","photoUrls":["https://dummyimage.com/850x599"],"tags":[],"status":"sold"},{"id":401,"category":{"id":402,"name":"CatsDogs"},"name":"Maxfacorv3","photoUrls":["string"],"tags":[{"id":403,"name":"CatsDogs"}],"status":"sold"},{"id":13,"category":{"id":0,"name":"cats"},"photoUrls":["string"],"tags":[{"id":0,"name":"string"}],"status":"sold"},{"id":123335,"name":"Laura","photoUrls":["https://dummyimage.com/325x573"],"tags":[],"status":"sold"},{"id":977908,"name":"Brenda","photoUrls":["https://dummyimage.com/521x425"],"tags":[],"status":"sold"},{"id":56331470,"category":{"id":28262311,"name":"nostrud proident"},"name":"doggie","photoUrls":["sunt dolor veniam aliqua","nulla anim ex"],"tags":[{"id":21515670,"name":"voluptate in elit ani"},{"id":-36858804,"name":"proident non deserunt"}],"status":"sold"},{"id":260173001,"category":{"id":1333,"name":"string2"},"name":"Updated Twice","photoUrls":["string"],"tags":[{"id":4321,"name":"string2"}],"status":"sold"},{"id":91507602,"category":{"id":-95494262,"name":"sit ea"},"name":"doggie","photoUrls":["deserunt","id sint et"],"tags":[{"id":-54029842,"name":"ullamco"},{"id":13198949,"name":"id"}],"status":"sold"},{"id":1757442723837,"name":"Nimbus Updated","photoUrls":["https://example.com/photo.png"],"tags":[],"status":"sold"},{"id":9223372016900012000,"category":{"id":0,"name":"string"},"name":"sold","photoUrls":["string"],"tags":[{"id":0,"name":"string"}],"status":"sold"},{"id":1757443096554,"name":"Nimbus Updated","photoUrls":["https://example.com/photo.png"],"tags":[],"status":"sold"},{"id":3903023,"category":{"id":-56789506,"name":"cillum p"},"name":"doggie","photoUrls":["aliquip Excepteur","commodo dolore consequat eu"],"tags":[{"id":60937326,"name":"irure in"},{"id":20218536,"name":"sint consectetur ad voluptate"}],"status":"sold"},{"id":690,"category":{"id":357,"name":"Oklahoma"},"name":"framework","photoUrls":["value-added"],"tags":[{"id":562,"name":"Alabama"}],"status":"sold"},{"id":24093935,"category":{"id":-6714225,"name":"do magna"},"name":"doggie","photoUrls":["aute","velit"],"tags":[{"id":71561130,"name":"deserunt ut occaecat"},{"id":-1195842,"name":"nulla nostrud occaeca"}],"status":"sold"},{"id":1757443738542,"name":"Nimbus Updated","photoUrls":["https://example.com/photo.png"],"tags":[],"status":"sold"},{"id":488,"category":{"id":372,"name":"microchip"},"name":"pink","photoUrls":["http://dean.net","https://ariel.com","https://raegan.info"],"tags":[{"id":75,"name":"application"}],"status":"sold"},{"id":236,"category":{"id":90,"name":"hard drive"},"name":"mint green","photoUrls":["http://montana.com","https://clemens.info","https://braden.info"],"tags":[{"id":501,"name":"interface"}],"status":"sold"},{"id":145,"category":{"id":168,"name":"port"},"name":"orange","photoUrls":["http://samara.name","https://aubrey.info","https://loraine.info"],"tags":[{"id":872,"name":"system"}],"status":"sold"},{"id":94,"category":{"id":399,"name":"matrix"},"name":"red","photoUrls":["https://dudley.net","https://dee.com","https://marge.net"],"tags":[{"id":42,"name":"circuit"},{"id":997,"name":"microchip"}],"status":"sold"},{"id":1757445583963,"name":"Nimbus Updated","photoUrls":["https://example.com/photo.png"],"tags":[],"status":"sold"},{"id":335,"category":{"id":348,"name":"monitor"},"name":"turquoise","photoUrls":["http://tierra.com","https://reba.org","http://brook.com"],"tags":[{"id":967,"name":"firewall"},{"id":78,"name":"bandwidth"}],"status":"sold"},{"id":1757445735721,"name":"Louie","photoUrls":["https://picsum.photos/seed/0QHvkT4/3904/925"],"tags":[],"status":"sold"},{"id":905,"category":{"id":279,"name":"bandwidth"},"name":"red","photoUrls":["http://missouri.com","http://turner.org","http://eva.com"],"tags":[{"id":145,"name":"firewall"},{"id":331,"name":"sensor"}],"status":"sold"},{"id":949,"category":{"id":389,"name":"transmitter"},"name":"salmon","photoUrls":["http://devonte.net","http://alexandrine.info","https://brianne.biz"],"tags":[{"id":142,"name":"bandwidth"},{"id":749,"name":"capacitor"}],"status":"sold"},{"id":799,"category":{"id":243,"name":"hard drive"},"name":"black","photoUrls":["https://selena.info","https://miller.info","https://felicia.name"],"tags":[{"id":208,"name":"firewall"},{"id":656,"name":"port"}],"status":"sold"},{"id":364,"category":{"id":654,"name":"protocol"},"name":"turquoise","photoUrls":["https://elvis.name","http://raymundo.org","http://darlene.info"],"tags":[{"id":990,"name":"interface"},{"id":906,"name":"driver"}],"status":"sold"},{"id":210,"category":{"id":787,"name":"feed"},"name":"red","photoUrls":["http://roselyn.org","https://melvin.com","http://josiah.net"],"tags":[{"id":235,"name":"matrix"},{"id":961,"name":"monitor"}],"status":"sold"},{"id":554,"category":{"id":458,"name":"program"},"name":"plum","photoUrls":["http://horacio.org","https://glen.com","http://gerhard.biz"],"tags":[{"id":757,"name":"matrix"},{"id":982,"name":"system"}],"status":"sold"},{"id":7032,"category":{"id":9014,"name":"string"},"name":"doggie","photoUrls":["string","string"],"tags":[{"id":8962,"name":"string"},{"id":811,"name":"string"}],"status":"sold"},{"id":92,"category":{"id":735,"name":"capacitor"},"name":"olive","photoUrls":["http://jennie.biz","https://tod.info","http://hillary.net"],"tags":[{"id":56,"name":"driver"},{"id":113,"name":"alarm"}],"status":"sold"},{"id":155,"category":{"id":398,"name":"system"},"name":"purple","photoUrls":["http://vance.info","https://norval.org","https://terrill.org"],"tags":[{"id":823,"name":"driver"},{"id":594,"name":"array"}],"status":"sold"},{"id":1757446905651,"name":"Louie","photoUrls":["https://loremflickr.com/1507/1764?lock=8113306554999329"],"tags":[],"status":"sold"},{"id":1757447988757,"name":"Max","photoUrls":["https://picsum.photos/seed/3thb6/1979/2895"],"tags":[],"status":"sold"},{"id":877,"category":{"id":415,"name":"protocol"},"name":"azure","photoUrls":["http://pearlie.biz","https://paula.biz","http://lavinia.net"],"tags":[{"id":5,"name":"alarm"},{"id":499,"name":"circuit"}],"status":"sold"},{"id":628,"category":{"id":961,"name":"sensor"},"name":"plum","photoUrls":["https://loraine.name","https://adalberto.org","http://itzel.biz"],"tags":[{"id":81,"name":"array"},{"id":888,"name":"sensor"}],"status":"sold"},{"id":864,"category":{"id":793,"name":"driver"},"name":"grey","photoUrls":["http://kristin.info","https://donavon.biz","https://adrian.net"],"tags":[{"id":768,"name":"interface"},{"id":783,"name":"application"}],"status":"sold"},{"id":9999999999,"category":{"id":1,"name":"Dogs"},"name":"Rex Updated","photoUrls":["http://example.com/photo1.jpg"],"tags":[{"id":1,"name":"test-tag"}],"status":"sold"},{"id":98765,"category":{"id":1,"name":"Dog"},"name":"Buddy Updated","photoUrls":["https://example.com/photo1.jpg"],"tags":[{"id":1,"name":"friendly"}],"status":"sold"}]

15:56:33.790 [main] DEBUG com.jayway.jsonpath.internal.path.CompiledPath -- Evaluating path: $[*]['status']
15:56:33.831 [main] DEBUG org.thymeleaf.TemplateEngine -- [THYMELEAF] INITIALIZING TEMPLATE ENGINE
15:56:33.977 [main] DEBUG org.thymeleaf.TemplateEngine.CONFIG -- Initializing Thymeleaf Template engine configuration...
[THYMELEAF] TEMPLATE ENGINE CONFIGURATION:
[THYMELEAF] * Thymeleaf version: 3.1.2.RELEASE (built 2023-07-30T19:25:50+0000)
[THYMELEAF] * Cache Manager implementation: org.thymeleaf.cache.StandardCacheManager
[THYMELEAF] * Template resolvers:
[THYMELEAF]     * [1] com.intuit.karate.template.ResourceHtmlTemplateResolver
[THYMELEAF] * Message resolvers:
[THYMELEAF]     * org.thymeleaf.messageresolver.StandardMessageResolver
[THYMELEAF] * Link builders:
[THYMELEAF]     * org.thymeleaf.linkbuilder.StandardLinkBuilder
[THYMELEAF] * Dialect [1 of 2]: Standard (com.intuit.karate.template.KarateStandardDialect)
[THYMELEAF]     * Prefix: "th"
[THYMELEAF]     * Processors for Template Mode: HTML
[THYMELEAF]         * Element Tag Processors by [matching element and attribute name] [precedence]:
[THYMELEAF]             * [* {th:include,data-th-include}] [100]: org.thymeleaf.standard.processor.StandardIncludeTagProcessor
[THYMELEAF]             * [* {th:insert,data-th-insert}] [100]: org.thymeleaf.standard.processor.StandardInsertTagProcessor
[THYMELEAF]             * [* {th:replace,data-th-replace}] [100]: org.thymeleaf.standard.processor.StandardReplaceTagProcessor
[THYMELEAF]             * [* {th:each,data-th-each}] [200]: com.intuit.karate.template.KarateEachTagProcessor
[THYMELEAF]             * [* {th:switch,data-th-switch}] [250]: org.thymeleaf.standard.processor.StandardSwitchTagProcessor
[THYMELEAF]             * [* {th:case,data-th-case}] [275]: org.thymeleaf.standard.processor.StandardCaseTagProcessor
[THYMELEAF]             * [* {th:if,data-th-if}] [300]: org.thymeleaf.standard.processor.StandardIfTagProcessor
[THYMELEAF]             * [* {th:unless,data-th-unless}] [400]: org.thymeleaf.standard.processor.StandardUnlessTagProcessor
[THYMELEAF]             * [* {th:object,data-th-object}] [500]: org.thymeleaf.standard.processor.StandardObjectTagProcessor
[THYMELEAF]             * [* {th:with,data-th-with}] [600]: com.intuit.karate.template.KarateWithTagProcessor
[THYMELEAF]             * [* {th:attr,data-th-attr}] [700]: com.intuit.karate.template.KarateAttributeTagProcessor.KarateAttrTagProcessor
[THYMELEAF]             * [* {th:attrappend,data-th-attrappend}] [900]: com.intuit.karate.template.KarateAttributeTagProcessor.KarateAttrappendTagProcessor
[THYMELEAF]             * [* {th:attrprepend,data-th-attrprepend}] [900]: com.intuit.karate.template.KarateAttributeTagProcessor.KarateAttrprependTagProcessor
[THYMELEAF]             * [* {th:alt-title,data-th-alt-title}] [990]: org.thymeleaf.standard.processor.StandardAltTitleTagProcessor
[THYMELEAF]             * [* {th:lang-xmllang,data-th-lang-xmllang}] [990]: org.thymeleaf.standard.processor.StandardLangXmlLangTagProcessor
[THYMELEAF]             * [* {th:action,data-th-action}] [1000]: org.thymeleaf.standard.processor.StandardActionTagProcessor
[THYMELEAF]             * [* {th:multiple,data-th-multiple}] [1000]: org.thymeleaf.standard.processor.StandardConditionalFixedValueTagProcessor
[THYMELEAF]             * [* {th:autoplay,data-th-autoplay}] [1000]: org.thymeleaf.standard.processor.StandardConditionalFixedValueTagProcessor
[THYMELEAF]             * [* {th:open,data-th-open}] [1000]: org.thymeleaf.standard.processor.StandardConditionalFixedValueTagProcessor
[THYMELEAF]             * [* {th:formnovalidate,data-th-formnovalidate}] [1000]: org.thymeleaf.standard.processor.StandardConditionalFixedValueTagProcessor
[THYMELEAF]             * [* {th:seamless,data-th-seamless}] [1000]: org.thymeleaf.standard.processor.StandardConditionalFixedValueTagProcessor
[THYMELEAF]             * [* {th:scoped,data-th-scoped}] [1000]: org.thymeleaf.standard.processor.StandardConditionalFixedValueTagProcessor
[THYMELEAF]             * [* {th:default,data-th-default}] [1000]: org.thymeleaf.standard.processor.StandardConditionalFixedValueTagProcessor
[THYMELEAF]             * [* {th:ismap,data-th-ismap}] [1000]: org.thymeleaf.standard.processor.StandardConditionalFixedValueTagProcessor
[THYMELEAF]             * [* {th:defer,data-th-defer}] [1000]: org.thymeleaf.standard.processor.StandardConditionalFixedValueTagProcessor
[THYMELEAF]             * [* {th:controls,data-th-controls}] [1000]: org.thymeleaf.standard.processor.StandardConditionalFixedValueTagProcessor
[THYMELEAF]             * [* {th:novalidate,data-th-novalidate}] [1000]: org.thymeleaf.standard.processor.StandardConditionalFixedValueTagProcessor
[THYMELEAF]             * [* {th:disabled,data-th-disabled}] [1000]: org.thymeleaf.standard.processor.StandardConditionalFixedValueTagProcessor
[THYMELEAF]             * [* {th:required,data-th-required}] [1000]: org.thymeleaf.standard.processor.StandardConditionalFixedValueTagProcessor
[THYMELEAF]             * [* {th:selected,data-th-selected}] [1000]: org.thymeleaf.standard.processor.StandardConditionalFixedValueTagProcessor
[THYMELEAF]             * [* {th:nowrap,data-th-nowrap}] [1000]: org.thymeleaf.standard.processor.StandardConditionalFixedValueTagProcessor
[THYMELEAF]             * [* {th:async,data-th-async}] [1000]: org.thymeleaf.standard.processor.StandardConditionalFixedValueTagProcessor
[THYMELEAF]             * [* {th:loop,data-th-loop}] [1000]: org.thymeleaf.standard.processor.StandardConditionalFixedValueTagProcessor
[THYMELEAF]             * [* {th:readonly,data-th-readonly}] [1000]: org.thymeleaf.standard.processor.StandardConditionalFixedValueTagProcessor
[THYMELEAF]             * [* {th:autofocus,data-th-autofocus}] [1000]: org.thymeleaf.standard.processor.StandardConditionalFixedValueTagProcessor
[THYMELEAF]             * [* {th:reversed,data-th-reversed}] [1000]: org.thymeleaf.standard.processor.StandardConditionalFixedValueTagProcessor
[THYMELEAF]             * [* {th:checked,data-th-checked}] [1000]: org.thymeleaf.standard.processor.StandardConditionalFixedValueTagProcessor
[THYMELEAF]             * [* {th:hidden,data-th-hidden}] [1000]: org.thymeleaf.standard.processor.StandardConditionalFixedValueTagProcessor
[THYMELEAF]             * [* {th:declare,data-th-declare}] [1000]: org.thymeleaf.standard.processor.StandardConditionalFixedValueTagProcessor
[THYMELEAF]             * [* {th:pubdate,data-th-pubdate}] [1000]: org.thymeleaf.standard.processor.StandardConditionalFixedValueTagProcessor
[THYMELEAF]             * [* {th:ondrop,data-th-ondrop}] [1000]: org.thymeleaf.standard.processor.StandardDOMEventAttributeTagProcessor
[THYMELEAF]             * [* {th:onloadstart,data-th-onloadstart}] [1000]: org.thymeleaf.standard.processor.StandardDOMEventAttributeTagProcessor
[THYMELEAF]             * [* {th:ondrag,data-th-ondrag}] [1000]: org.thymeleaf.standard.processor.StandardDOMEventAttributeTagProcessor
[THYMELEAF]             * [* {th:ondragover,data-th-ondragover}] [1000]: org.thymeleaf.standard.processor.StandardDOMEventAttributeTagProcessor
[THYMELEAF]             * [* {th:onshow,data-th-onshow}] [1000]: org.thymeleaf.standard.processor.StandardDOMEventAttributeTagProcessor
[THYMELEAF]             * [* {th:onseeked,data-th-onseeked}] [1000]: org.thymeleaf.standard.processor.StandardDOMEventAttributeTagProcessor
[THYMELEAF]             * [* {th:onforminput,data-th-onforminput}] [1000]: org.thymeleaf.standard.processor.StandardDOMEventAttributeTagProcessor
[THYMELEAF]             * [* {th:onwaiting,data-th-onwaiting}] [1000]: org.thymeleaf.standard.processor.StandardDOMEventAttributeTagProcessor
[THYMELEAF]             * [* {th:onkeypress,data-th-onkeypress}] [1000]: org.thymeleaf.standard.processor.StandardDOMEventAttributeTagProcessor
[THYMELEAF]             * [* {th:ondblclick,data-th-ondblclick}] [1000]: org.thymeleaf.standard.processor.StandardDOMEventAttributeTagProcessor
[THYMELEAF]             * [* {th:onreadystatechange,data-th-onreadystatechange}] [1000]: org.thymeleaf.standard.processor.StandardDOMEventAttributeTagProcessor
[THYMELEAF]             * [* {th:onformchange,data-th-onformchange}] [1000]: org.thymeleaf.standard.processor.StandardDOMEventAttributeTagProcessor
[THYMELEAF]             * [* {th:oncanplay,data-th-oncanplay}] [1000]: org.thymeleaf.standard.processor.StandardDOMEventAttributeTagProcessor
[THYMELEAF]             * [* {th:ondurationchange,data-th-ondurationchange}] [1000]: org.thymeleaf.standard.processor.StandardDOMEventAttributeTagProcessor
[THYMELEAF]             * [* {th:ononline,data-th-ononline}] [1000]: org.thymeleaf.standard.processor.StandardDOMEventAttributeTagProcessor
[THYMELEAF]             * [* {th:onloadedmetadata,data-th-onloadedmetadata}] [1000]: org.thymeleaf.standard.processor.StandardDOMEventAttributeTagProcessor
[THYMELEAF]             * [* {th:onvolumechange,data-th-onvolumechange}] [1000]: org.thymeleaf.standard.processor.StandardDOMEventAttributeTagProcessor
[THYMELEAF]             * [* {th:onundo,data-th-onundo}] [1000]: org.thymeleaf.standard.processor.StandardDOMEventAttributeTagProcessor
[THYMELEAF]             * [* {th:onpopstate,data-th-onpopstate}] [1000]: org.thymeleaf.standard.processor.StandardDOMEventAttributeTagProcessor
[THYMELEAF]             * [* {th:onratechange,data-th-onratechange}] [1000]: org.thymeleaf.standard.processor.StandardDOMEventAttributeTagProcessor
[THYMELEAF]             * [* {th:onunload,data-th-onunload}] [1000]: org.thymeleaf.standard.processor.StandardDOMEventAttributeTagProcessor
[THYMELEAF]             * [* {th:oncontextmenu,data-th-oncontextmenu}] [1000]: org.thymeleaf.standard.processor.StandardDOMEventAttributeTagProcessor
[THYMELEAF]             * [* {th:onmousedown,data-th-onmousedown}] [1000]: org.thymeleaf.standard.processor.StandardDOMEventAttributeTagProcessor
[THYMELEAF]             * [* {th:onmouseup,data-th-onmouseup}] [1000]: org.thymeleaf.standard.processor.StandardDOMEventAttributeTagProcessor
[THYMELEAF]             * [* {th:onclick,data-th-onclick}] [1000]: org.thymeleaf.standard.processor.StandardDOMEventAttributeTagProcessor
[THYMELEAF]             * [* {th:onresize,data-th-onresize}] [1000]: org.thymeleaf.standard.processor.StandardDOMEventAttributeTagProcessor
[THYMELEAF]             * [* {th:onmouseover,data-th-onmouseover}] [1000]: org.thymeleaf.standard.processor.StandardDOMEventAttributeTagProcessor
[THYMELEAF]             * [* {th:onmousemove,data-th-onmousemove}] [1000]: org.thymeleaf.standard.processor.StandardDOMEventAttributeTagProcessor
[THYMELEAF]             * [* {th:onplay,data-th-onplay}] [1000]: org.thymeleaf.standard.processor.StandardDOMEventAttributeTagProcessor
[THYMELEAF]             * [* {th:onscroll,data-th-onscroll}] [1000]: org.thymeleaf.standard.processor.StandardDOMEventAttributeTagProcessor
[THYMELEAF]             * [* {th:ondragleave,data-th-ondragleave}] [1000]: org.thymeleaf.standard.processor.StandardDOMEventAttributeTagProcessor
[THYMELEAF]             * [* {th:onkeydown,data-th-onkeydown}] [1000]: org.thymeleaf.standard.processor.StandardDOMEventAttributeTagProcessor
[THYMELEAF]             * [* {th:onprogress,data-th-onprogress}] [1000]: org.thymeleaf.standard.processor.StandardDOMEventAttributeTagProcessor
[THYMELEAF]             * [* {th:onbeforeunload,data-th-onbeforeunload}] [1000]: org.thymeleaf.standard.processor.StandardDOMEventAttributeTagProcessor
[THYMELEAF]             * [* {th:onchange,data-th-onchange}] [1000]: org.thymeleaf.standard.processor.StandardDOMEventAttributeTagProcessor
[THYMELEAF]             * [* {th:onstalled,data-th-onstalled}] [1000]: org.thymeleaf.standard.processor.StandardDOMEventAttributeTagProcessor
[THYMELEAF]             * [* {th:oninvalid,data-th-oninvalid}] [1000]: org.thymeleaf.standard.processor.StandardDOMEventAttributeTagProcessor
[THYMELEAF]             * [* {th:onfocus,data-th-onfocus}] [1000]: org.thymeleaf.standard.processor.StandardDOMEventAttributeTagProcessor
[THYMELEAF]             * [* {th:onmousewheel,data-th-onmousewheel}] [1000]: org.thymeleaf.standard.processor.StandardDOMEventAttributeTagProcessor
[THYMELEAF]             * [* {th:onloadeddata,data-th-onloadeddata}] [1000]: org.thymeleaf.standard.processor.StandardDOMEventAttributeTagProcessor
[THYMELEAF]             * [* {th:onpause,data-th-onpause}] [1000]: org.thymeleaf.standard.processor.StandardDOMEventAttributeTagProcessor
[THYMELEAF]             * [* {th:onsuspend,data-th-onsuspend}] [1000]: org.thymeleaf.standard.processor.StandardDOMEventAttributeTagProcessor
[THYMELEAF]             * [* {th:oninput,data-th-oninput}] [1000]: org.thymeleaf.standard.processor.StandardDOMEventAttributeTagProcessor
[THYMELEAF]             * [* {th:ondragend,data-th-ondragend}] [1000]: org.thymeleaf.standard.processor.StandardDOMEventAttributeTagProcessor
[THYMELEAF]             * [* {th:onerror,data-th-onerror}] [1000]: org.thymeleaf.standard.processor.StandardDOMEventAttributeTagProcessor
[THYMELEAF]             * [* {th:ontimeupdate,data-th-ontimeupdate}] [1000]: org.thymeleaf.standard.processor.StandardDOMEventAttributeTagProcessor
[THYMELEAF]             * [* {th:ondragstart,data-th-ondragstart}] [1000]: org.thymeleaf.standard.processor.StandardDOMEventAttributeTagProcessor
[THYMELEAF]             * [* {th:onmessage,data-th-onmessage}] [1000]: org.thymeleaf.standard.processor.StandardDOMEventAttributeTagProcessor
[THYMELEAF]             * [* {th:onafterprint,data-th-onafterprint}] [1000]: org.thymeleaf.standard.processor.StandardDOMEventAttributeTagProcessor
[...]
[THYMELEAF]             * [* {th:background,data-th-background}] [1000]: org.thymeleaf.standard.processor.StandardRemovableAttributeTagProcessor
[THYMELEAF]             * [* {th:dir,data-th-dir}] [1000]: org.thymeleaf.standard.processor.StandardRemovableAttributeTagProcessor
[THYMELEAF]             * [* {th:abbr,data-th-abbr}] [1000]: org.thymeleaf.standard.processor.StandardRemovableAttributeTagProcessor
[THYMELEAF]             * [* {th:colspan,data-th-colspan}] [1000]: org.thymeleaf.standard.processor.StandardRemovableAttributeTagProcessor
[THYMELEAF]             * [* {th:accept-charset,data-th-accept-charset}] [1000]: org.thymeleaf.standard.processor.StandardRemovableAttributeTagProcessor
[THYMELEAF]             * [* {th:accesskey,data-th-accesskey}] [1000]: org.thymeleaf.standard.processor.StandardRemovableAttributeTagProcessor
[THYMELEAF]             * [* {th:label,data-th-label}] [1000]: org.thymeleaf.standard.processor.StandardRemovableAttributeTagProcessor
[THYMELEAF]             * [* {th:frameborder,data-th-frameborder}] [1000]: org.thymeleaf.standard.processor.StandardRemovableAttributeTagProcessor
[THYMELEAF]             * [* {th:scope,data-th-scope}] [1000]: org.thymeleaf.standard.processor.StandardRemovableAttributeTagProcessor
[THYMELEAF]             * [* {th:style,data-th-style}] [1000]: org.thymeleaf.standard.processor.StandardRemovableAttributeTagProcessor
[THYMELEAF]             * [* {th:headers,data-th-headers}] [1000]: org.thymeleaf.standard.processor.StandardRemovableAttributeTagProcessor
[THYMELEAF]             * [* {th:frame,data-th-frame}] [1000]: org.thymeleaf.standard.processor.StandardRemovableAttributeTagProcessor
[THYMELEAF]             * [* {th:poster,data-th-poster}] [1000]: org.thymeleaf.standard.processor.StandardRemovableAttributeTagProcessor
[THYMELEAF]             * [* {th:title,data-th-title}] [1000]: org.thymeleaf.standard.processor.StandardRemovableAttributeTagProcessor
[THYMELEAF]             * [* {th:sandbox,data-th-sandbox}] [1000]: org.thymeleaf.standard.processor.StandardRemovableAttributeTagProcessor
[THYMELEAF]             * [* {th:border,data-th-border}] [1000]: org.thymeleaf.standard.processor.StandardRemovableAttributeTagProcessor
[THYMELEAF]             * [* {th:cellspacing,data-th-cellspacing}] [1000]: org.thymeleaf.standard.processor.StandardRemovableAttributeTagProcessor
[THYMELEAF]             * [* {th:bgcolor,data-th-bgcolor}] [1000]: org.thymeleaf.standard.processor.StandardRemovableAttributeTagProcessor
[THYMELEAF]             * [* {th:contenteditable,data-th-contenteditable}] [1000]: org.thymeleaf.standard.processor.StandardRemovableAttributeTagProcessor
[THYMELEAF]             * [* {th:classid,data-th-classid}] [1000]: org.thymeleaf.standard.processor.StandardRemovableAttributeTagProcessor
[THYMELEAF]             * [* {th:kind,data-th-kind}] [1000]: org.thymeleaf.standard.processor.StandardRemovableAttributeTagProcessor
[THYMELEAF]             * [* {th:low,data-th-low}] [1000]: org.thymeleaf.standard.processor.StandardRemovableAttributeTagProcessor
[THYMELEAF]             * [* {th:height,data-th-height}] [1000]: org.thymeleaf.standard.processor.StandardRemovableAttributeTagProcessor
[THYMELEAF]             * [* {th:vspace,data-th-vspace}] [1000]: org.thymeleaf.standard.processor.StandardRemovableAttributeTagProcessor
[THYMELEAF]             * [* {th:form,data-th-form}] [1000]: org.thymeleaf.standard.processor.StandardRemovableAttributeTagProcessor
[THYMELEAF]             * [* {th:compact,data-th-compact}] [1000]: org.thymeleaf.standard.processor.StandardRemovableAttributeTagProcessor
[THYMELEAF]             * [* {th:target,data-th-target}] [1000]: org.thymeleaf.standard.processor.StandardRemovableAttributeTagProcessor
[THYMELEAF]             * [* {th:high,data-th-high}] [1000]: org.thymeleaf.standard.processor.StandardRemovableAttributeTagProcessor
[THYMELEAF]             * [* {th:datetime,data-th-datetime}] [1000]: org.thymeleaf.standard.processor.StandardRemovableAttributeTagProcessor
[THYMELEAF]             * [* {th:challenge,data-th-challenge}] [1000]: org.thymeleaf.standard.processor.StandardRemovableAttributeTagProcessor
[THYMELEAF]             * [* {th:pattern,data-th-pattern}] [1000]: org.thymeleaf.standard.processor.StandardRemovableAttributeTagProcessor
[THYMELEAF]             * [* {th:formenctype,data-th-formenctype}] [1000]: org.thymeleaf.standard.processor.StandardRemovableAttributeTagProcessor
[THYMELEAF]             * [* {th:scheme,data-th-scheme}] [1000]: org.thymeleaf.standard.processor.StandardRemovableAttributeTagProcessor
[THYMELEAF]             * [* {th:dropzone,data-th-dropzone}] [1000]: org.thymeleaf.standard.processor.StandardRemovableAttributeTagProcessor
[THYMELEAF]             * [* {th:scrolling,data-th-scrolling}] [1000]: org.thymeleaf.standard.processor.StandardRemovableAttributeTagProcessor
[THYMELEAF]             * [* {th:codebase,data-th-codebase}] [1000]: org.thymeleaf.standard.processor.StandardRemovableAttributeTagProcessor
[THYMELEAF]             * [* {th:min,data-th-min}] [1000]: org.thymeleaf.standard.processor.StandardRemovableAttributeTagProcessor
[THYMELEAF]             * [* {th:wrap,data-th-wrap}] [1000]: org.thymeleaf.standard.processor.StandardRemovableAttributeTagProcessor
[THYMELEAF]             * [* {th:class,data-th-class}] [1000]: org.thymeleaf.standard.processor.StandardRemovableAttributeTagProcessor
[THYMELEAF]             * [* {th:src,data-th-src}] [1000]: org.thymeleaf.standard.processor.StandardSrcTagProcessor
[THYMELEAF]             * [* {th:value,data-th-value}] [1000]: org.thymeleaf.standard.processor.StandardValueTagProcessor
[THYMELEAF]             * [* {th:xmlbase,data-th-xmlbase}] [1000]: org.thymeleaf.standard.processor.StandardXmlBaseTagProcessor
[THYMELEAF]             * [* {th:xmllang,data-th-xmllang}] [1000]: org.thymeleaf.standard.processor.StandardXmlLangTagProcessor
[THYMELEAF]             * [* {xmlns:th}] [1000]: org.thymeleaf.standard.processor.StandardXmlNsTagProcessor
[THYMELEAF]             * [* {th:xmlspace,data-th-xmlspace}] [1000]: org.thymeleaf.standard.processor.StandardXmlSpaceTagProcessor
[THYMELEAF]             * [* {th:classappend,data-th-classappend}] [1100]: org.thymeleaf.standard.processor.StandardClassappendTagProcessor
[THYMELEAF]             * [* {th:styleappend,data-th-styleappend}] [1100]: org.thymeleaf.standard.processor.StandardStyleappendTagProcessor
[THYMELEAF]             * [* {th:text,data-th-text}] [1300]: org.thymeleaf.standard.processor.StandardTextTagProcessor
[THYMELEAF]             * [* {th:utext,data-th-utext}] [1400]: org.thymeleaf.standard.processor.StandardUtextTagProcessor
[THYMELEAF]             * [* {th:fragment,data-th-fragment}] [1500]: org.thymeleaf.standard.processor.StandardFragmentTagProcessor
[THYMELEAF]             * [* {th:assert,data-th-assert}] [1550]: org.thymeleaf.standard.processor.StandardAssertTagProcessor
[THYMELEAF]             * [* {th:remove,data-th-remove}] [1600]: org.thymeleaf.standard.processor.StandardRemoveTagProcessor
[THYMELEAF]             * [* {th:ref,data-th-ref}] [10000]: org.thymeleaf.standard.processor.StandardRefAttributeTagProcessor
[THYMELEAF]             * [{th:block,th-block} *] [100000]: org.thymeleaf.standard.processor.StandardBlockTagProcessor
[THYMELEAF]             * [* th:*] [2147483647]: org.thymeleaf.standard.processor.StandardDefaultAttributesTagProcessor
[THYMELEAF]         * Text Processors by [precedence]:
[THYMELEAF]             * [1000]: org.thymeleaf.standard.processor.StandardInliningTextProcessor
[THYMELEAF]         * DOCTYPE Processors by [precedence]:
[THYMELEAF]             * [1000]: org.thymeleaf.standard.processor.StandardTranslationDocTypeProcessor
[THYMELEAF]         * CDATA Section Processors by [precedence]:
[THYMELEAF]             * [1000]: org.thymeleaf.standard.processor.StandardInliningCDATASectionProcessor
[THYMELEAF]         * Comment Processors by [precedence]:
[THYMELEAF]             * [1000]: org.thymeleaf.standard.processor.StandardInliningCommentProcessor
[THYMELEAF]             * [1100]: org.thymeleaf.standard.processor.StandardConditionalCommentProcessor
[THYMELEAF]     * Processors for Template Mode: XML
[THYMELEAF]         * Element Tag Processors by [matching element and attribute name] [precedence]:
[THYMELEAF]             * [* {th:include}] [100]: org.thymeleaf.standard.processor.StandardIncludeTagProcessor
[THYMELEAF]             * [* {th:insert}] [100]: org.thymeleaf.standard.processor.StandardInsertTagProcessor
[THYMELEAF]             * [* {th:replace}] [100]: org.thymeleaf.standard.processor.StandardReplaceTagProcessor
[THYMELEAF]             * [* {th:each}] [200]: com.intuit.karate.template.KarateEachTagProcessor
[THYMELEAF]             * [* {th:switch}] [250]: org.thymeleaf.standard.processor.StandardSwitchTagProcessor
[THYMELEAF]             * [* {th:case}] [275]: org.thymeleaf.standard.processor.StandardCaseTagProcessor
[THYMELEAF]             * [* {th:if}] [300]: org.thymeleaf.standard.processor.StandardIfTagProcessor
[THYMELEAF]             * [* {th:unless}] [400]: org.thymeleaf.standard.processor.StandardUnlessTagProcessor
[THYMELEAF]             * [* {th:object}] [500]: org.thymeleaf.standard.processor.StandardObjectTagProcessor
[THYMELEAF]             * [* {th:with}] [600]: com.intuit.karate.template.KarateWithTagProcessor
[THYMELEAF]             * [* {th:attr}] [700]: com.intuit.karate.template.KarateAttributeTagProcessor.KarateAttrTagProcessor
[THYMELEAF]             * [* {th:attrappend}] [900]: com.intuit.karate.template.KarateAttributeTagProcessor.KarateAttrappendTagProcessor
[THYMELEAF]             * [* {th:attrprepend}] [900]: com.intuit.karate.template.KarateAttributeTagProcessor.KarateAttrprependTagProcessor
[THYMELEAF]             * [* {th:inline}] [1000]: org.thymeleaf.standard.processor.StandardInlineXMLTagProcessor
[THYMELEAF]             * [* {xmlns:th}] [1000]: org.thymeleaf.standard.processor.StandardXmlNsTagProcessor
[THYMELEAF]             * [* {th:text}] [1300]: org.thymeleaf.standard.processor.StandardTextTagProcessor
[THYMELEAF]             * [* {th:utext}] [1400]: org.thymeleaf.standard.processor.StandardUtextTagProcessor
[THYMELEAF]             * [* {th:fragment}] [1500]: org.thymeleaf.standard.processor.StandardFragmentTagProcessor
[THYMELEAF]             * [* {th:assert}] [1550]: org.thymeleaf.standard.processor.StandardAssertTagProcessor
[THYMELEAF]             * [* {th:remove}] [1600]: org.thymeleaf.standard.processor.StandardRemoveTagProcessor
[THYMELEAF]             * [* {th:ref}] [10000]: org.thymeleaf.standard.processor.StandardRefAttributeTagProcessor
[THYMELEAF]             * [{th:block} *] [100000]: org.thymeleaf.standard.processor.StandardBlockTagProcessor
[THYMELEAF]             * [* th:*] [2147483647]: org.thymeleaf.standard.processor.StandardDefaultAttributesTagProcessor
[THYMELEAF]         * Text Processors by [precedence]:
[THYMELEAF]             * [1000]: org.thymeleaf.standard.processor.StandardInliningTextProcessor
[THYMELEAF]         * CDATA Section Processors by [precedence]:
[THYMELEAF]             * [1000]: org.thymeleaf.standard.processor.StandardInliningCDATASectionProcessor
[THYMELEAF]         * Comment Processors by [precedence]:
[THYMELEAF]             * [1000]: org.thymeleaf.standard.processor.StandardInliningCommentProcessor
[THYMELEAF]     * Processors for Template Mode: TEXT
[THYMELEAF]         * Element Tag Processors by [matching element and attribute name] [precedence]:
[THYMELEAF]             * [* {th:insert}] [100]: org.thymeleaf.standard.processor.StandardInsertTagProcessor
[THYMELEAF]             * [* {th:replace}] [100]: org.thymeleaf.standard.processor.StandardReplaceTagProcessor
[THYMELEAF]             * [* {th:each}] [200]: com.intuit.karate.template.KarateEachTagProcessor
[THYMELEAF]             * [* {th:switch}] [250]: org.thymeleaf.standard.processor.StandardSwitchTagProcessor
[THYMELEAF]             * [* {th:case}] [275]: org.thymeleaf.standard.processor.StandardCaseTagProcessor
[THYMELEAF]             * [* {th:if}] [300]: org.thymeleaf.standard.processor.StandardIfTagProcessor
[THYMELEAF]             * [* {th:unless}] [400]: org.thymeleaf.standard.processor.StandardUnlessTagProcessor
[THYMELEAF]             * [* {th:object}] [500]: org.thymeleaf.standard.processor.StandardObjectTagProcessor
[THYMELEAF]             * [* {th:with}] [600]: com.intuit.karate.template.KarateWithTagProcessor
[THYMELEAF]             * [* {th:inline}] [1000]: org.thymeleaf.standard.processor.StandardInlineTextualTagProcessor
[THYMELEAF]             * [* {th:text}] [1300]: org.thymeleaf.standard.processor.StandardTextTagProcessor
[THYMELEAF]             * [* {th:utext}] [1400]: org.thymeleaf.standard.processor.StandardUtextTagProcessor
[THYMELEAF]             * [* {th:assert}] [1550]: org.thymeleaf.standard.processor.StandardAssertTagProcessor
[THYMELEAF]             * [* {th:remove}] [1600]: org.thymeleaf.standard.processor.StandardRemoveTagProcessor
[THYMELEAF]             * [* 100000] [org.thymeleaf.standard.processor.StandardBlockTagProcessor]: {}
[THYMELEAF]             * [{th:block} *] [100000]: org.thymeleaf.standard.processor.StandardBlockTagProcessor
[THYMELEAF]         * Text Processors by [precedence]:
[THYMELEAF]             * [1000]: org.thymeleaf.standard.processor.StandardInliningTextProcessor
[THYMELEAF]     * Processors for Template Mode: JAVASCRIPT
[THYMELEAF]         * Element Tag Processors by [matching element and attribute name] [precedence]:
[THYMELEAF]             * [* {th:insert}] [100]: org.thymeleaf.standard.processor.StandardInsertTagProcessor
[THYMELEAF]             * [* {th:replace}] [100]: org.thymeleaf.standard.processor.StandardReplaceTagProcessor
[THYMELEAF]             * [* {th:each}] [200]: com.intuit.karate.template.KarateEachTagProcessor
[THYMELEAF]             * [* {th:switch}] [250]: org.thymeleaf.standard.processor.StandardSwitchTagProcessor
[THYMELEAF]             * [* {th:case}] [275]: org.thymeleaf.standard.processor.StandardCaseTagProcessor
[THYMELEAF]             * [* {th:if}] [300]: org.thymeleaf.standard.processor.StandardIfTagProcessor
[THYMELEAF]             * [* {th:unless}] [400]: org.thymeleaf.standard.processor.StandardUnlessTagProcessor
[THYMELEAF]             * [* {th:object}] [500]: org.thymeleaf.standard.processor.StandardObjectTagProcessor
[THYMELEAF]             * [* {th:with}] [600]: com.intuit.karate.template.KarateWithTagProcessor
[THYMELEAF]             * [* {th:inline}] [1000]: org.thymeleaf.standard.processor.StandardInlineTextualTagProcessor
[THYMELEAF]             * [* {th:text}] [1300]: org.thymeleaf.standard.processor.StandardTextTagProcessor
[THYMELEAF]             * [* {th:utext}] [1400]: org.thymeleaf.standard.processor.StandardUtextTagProcessor
[THYMELEAF]             * [* {th:assert}] [1550]: org.thymeleaf.standard.processor.StandardAssertTagProcessor
[THYMELEAF]             * [* {th:remove}] [1600]: org.thymeleaf.standard.processor.StandardRemoveTagProcessor
[THYMELEAF]             * [{th:block} *] [100000]: org.thymeleaf.standard.processor.StandardBlockTagProcessor
[THYMELEAF]             * [* 100000] [org.thymeleaf.standard.processor.StandardBlockTagProcessor]: {}
[THYMELEAF]         * Text Processors by [precedence]:
[THYMELEAF]             * [1000]: org.thymeleaf.standard.processor.StandardInliningTextProcessor
[THYMELEAF]     * Processors for Template Mode: CSS
[THYMELEAF]         * Element Tag Processors by [matching element and attribute name] [precedence]:
[THYMELEAF]             * [* {th:insert}] [100]: org.thymeleaf.standard.processor.StandardInsertTagProcessor
[THYMELEAF]             * [* {th:replace}] [100]: org.thymeleaf.standard.processor.StandardReplaceTagProcessor
[THYMELEAF]             * [* {th:each}] [200]: com.intuit.karate.template.KarateEachTagProcessor
[THYMELEAF]             * [* {th:switch}] [250]: org.thymeleaf.standard.processor.StandardSwitchTagProcessor
[THYMELEAF]             * [* {th:case}] [275]: org.thymeleaf.standard.processor.StandardCaseTagProcessor
[THYMELEAF]             * [* {th:if}] [300]: org.thymeleaf.standard.processor.StandardIfTagProcessor
[THYMELEAF]             * [* {th:unless}] [400]: org.thymeleaf.standard.processor.StandardUnlessTagProcessor
[THYMELEAF]             * [* {th:object}] [500]: org.thymeleaf.standard.processor.StandardObjectTagProcessor
[THYMELEAF]             * [* {th:with}] [600]: com.intuit.karate.template.KarateWithTagProcessor
[THYMELEAF]             * [* {th:inline}] [1000]: org.thymeleaf.standard.processor.StandardInlineTextualTagProcessor
[THYMELEAF]             * [* {th:text}] [1300]: org.thymeleaf.standard.processor.StandardTextTagProcessor
[THYMELEAF]             * [* {th:utext}] [1400]: org.thymeleaf.standard.processor.StandardUtextTagProcessor
[THYMELEAF]             * [* {th:assert}] [1550]: org.thymeleaf.standard.processor.StandardAssertTagProcessor
[THYMELEAF]             * [* {th:remove}] [1600]: org.thymeleaf.standard.processor.StandardRemoveTagProcessor
[THYMELEAF]             * [* 100000] [org.thymeleaf.standard.processor.StandardBlockTagProcessor]: {}
[THYMELEAF]             * [{th:block} *] [100000]: org.thymeleaf.standard.processor.StandardBlockTagProcessor
[THYMELEAF]         * Text Processors by [precedence]:
[THYMELEAF]             * [1000]: org.thymeleaf.standard.processor.StandardInliningTextProcessor
[THYMELEAF]     * Expression Objects:
[THYMELEAF]         * #ctx
[THYMELEAF]         * #root
[THYMELEAF]         * #vars
[THYMELEAF]         * #object
[THYMELEAF]         * #locale
[THYMELEAF]         * #conversions
[THYMELEAF]         * #uris
[THYMELEAF]         * #temporals
[THYMELEAF]         * #calendars
[THYMELEAF]         * #dates
[THYMELEAF]         * #bools
[THYMELEAF]         * #numbers
[THYMELEAF]         * #objects
[THYMELEAF]         * #strings
[THYMELEAF]         * #arrays
[THYMELEAF]         * #lists
[THYMELEAF]         * #sets
[THYMELEAF]         * #maps
[THYMELEAF]         * #aggregates
[THYMELEAF]         * #messages
[THYMELEAF]         * #ids
[THYMELEAF]         * #execInfo
[THYMELEAF]         * #request
[THYMELEAF]         * #response
[THYMELEAF]         * #session
[THYMELEAF]         * #servletContext
[THYMELEAF]     * Execution Attributes:
[THYMELEAF]         * "StandardExpressionParser": com.intuit.karate.template.KarateStandardDialect@54941dfd
[THYMELEAF]         * "StandardJavaScriptSerializer": org.thymeleaf.standard.serializer.StandardJavaScriptSerializer@2cdb5974
[THYMELEAF]         * "StandardCSSSerializer": org.thymeleaf.standard.serializer.StandardCSSSerializer@8aa5ab4
[THYMELEAF]         * "StandardVariableExpressionEvaluator": com.intuit.karate.template.KarateStandardDialect@54941dfd
[THYMELEAF]         * "StandardConversionService": org.thymeleaf.standard.expression.StandardConversionService@53e4a19e
[THYMELEAF] * Dialect [2 of 2]: karate (com.intuit.karate.template.KarateScriptDialect)
[THYMELEAF]     * Prefix: "ka"
[THYMELEAF]     * Processors for Template Mode: HTML
[THYMELEAF]         * Element Tag Processors by [matching element and attribute name] [precedence]:
[THYMELEAF]             * [* {src}] [1000]: com.intuit.karate.template.KaScriptAttrProcessor
[THYMELEAF]         * Element Model Processors by [matching element and attribute name] [precedence]:
[THYMELEAF]             * [{script} {ka:scope,data-ka-scope}] [1000]: com.intuit.karate.template.KaScriptElemProcessor
[THYMELEAF]             * [* {ka:set,data-ka-set}] [1000]: com.intuit.karate.template.KaSetElemProcessor
[THYMELEAF] TEMPLATE ENGINE CONFIGURED OK
15:56:34.643 [main] DEBUG org.thymeleaf.TemplateEngine -- [THYMELEAF] TEMPLATE ENGINE INITIALIZED

HTML report: (paste into browser to view) | Karate version: 1.4.1
file:///C:/Users/TEOBALDO/qa-tech-test_ejercicio2/target/karate-reports/karate-summary.html
===================================================================

]]></system-out>
  </testcase>
</testsuite>